/media/kai/Kai_Backup/Master_Study/Master_Thesis/Master_Study_Master_Thesis/rl_remote_ws/install/rl_remote_controller/lib/python3.10/site-packages/rl_remote_controller/rl_remote.py
/media/kai/Kai_Backup/Master_Study/Master_Thesis/Master_Study_Master_Thesis/rl_remote_ws/install/rl_remote_controller/lib/python3.10/site-packages/rl_remote_controller/local.py
/media/kai/Kai_Backup/Master_Study/Master_Thesis/Master_Study_Master_Thesis/rl_remote_ws/install/rl_remote_controller/lib/python3.10/site-packages/rl_remote_controller/rl_training.py
/media/kai/Kai_Backup/Master_Study/Master_Thesis/Master_Study_Master_Thesis/rl_remote_ws/install/rl_remote_controller/lib/python3.10/site-packages/rl_remote_controller/__init__.py
/media/kai/Kai_Backup/Master_Study/Master_Thesis/Master_Study_Master_Thesis/rl_remote_ws/install/rl_remote_controller/lib/python3.10/site-packages/rl_remote_controller/__pycache__/rl_remote.cpython-310.pyc
/media/kai/Kai_Backup/Master_Study/Master_Thesis/Master_Study_Master_Thesis/rl_remote_ws/install/rl_remote_controller/lib/python3.10/site-packages/rl_remote_controller/__pycache__/local.cpython-310.pyc
/media/kai/Kai_Backup/Master_Study/Master_Thesis/Master_Study_Master_Thesis/rl_remote_ws/install/rl_remote_controller/lib/python3.10/site-packages/rl_remote_controller/__pycache__/rl_training.cpython-310.pyc
/media/kai/Kai_Backup/Master_Study/Master_Thesis/Master_Study_Master_Thesis/rl_remote_ws/install/rl_remote_controller/lib/python3.10/site-packages/rl_remote_controller/__pycache__/__init__.cpython-310.pyc
/media/kai/Kai_Backup/Master_Study/Master_Thesis/Master_Study_Master_Thesis/rl_remote_ws/install/rl_remote_controller/share/ament_index/resource_index/packages/rl_remote_controller
/media/kai/Kai_Backup/Master_Study/Master_Thesis/Master_Study_Master_Thesis/rl_remote_ws/install/rl_remote_controller/share/rl_remote_controller/package.xml
/media/kai/Kai_Backup/Master_Study/Master_Thesis/Master_Study_Master_Thesis/rl_remote_ws/install/rl_remote_controller/lib/python3.10/site-packages/rl_remote_controller-0.0.1-py3.10.egg-info/dependency_links.txt
/media/kai/Kai_Backup/Master_Study/Master_Thesis/Master_Study_Master_Thesis/rl_remote_ws/install/rl_remote_controller/lib/python3.10/site-packages/rl_remote_controller-0.0.1-py3.10.egg-info/entry_points.txt
/media/kai/Kai_Backup/Master_Study/Master_Thesis/Master_Study_Master_Thesis/rl_remote_ws/install/rl_remote_controller/lib/python3.10/site-packages/rl_remote_controller-0.0.1-py3.10.egg-info/requires.txt
/media/kai/Kai_Backup/Master_Study/Master_Thesis/Master_Study_Master_Thesis/rl_remote_ws/install/rl_remote_controller/lib/python3.10/site-packages/rl_remote_controller-0.0.1-py3.10.egg-info/PKG-INFO
/media/kai/Kai_Backup/Master_Study/Master_Thesis/Master_Study_Master_Thesis/rl_remote_ws/install/rl_remote_controller/lib/python3.10/site-packages/rl_remote_controller-0.0.1-py3.10.egg-info/zip-safe
/media/kai/Kai_Backup/Master_Study/Master_Thesis/Master_Study_Master_Thesis/rl_remote_ws/install/rl_remote_controller/lib/python3.10/site-packages/rl_remote_controller-0.0.1-py3.10.egg-info/SOURCES.txt
/media/kai/Kai_Backup/Master_Study/Master_Thesis/Master_Study_Master_Thesis/rl_remote_ws/install/rl_remote_controller/lib/python3.10/site-packages/rl_remote_controller-0.0.1-py3.10.egg-info/top_level.txt
/media/kai/Kai_Backup/Master_Study/Master_Thesis/Master_Study_Master_Thesis/rl_remote_ws/install/rl_remote_controller/bin/local
/media/kai/Kai_Backup/Master_Study/Master_Thesis/Master_Study_Master_Thesis/rl_remote_ws/install/rl_remote_controller/bin/rl_remote
/media/kai/Kai_Backup/Master_Study/Master_Thesis/Master_Study_Master_Thesis/rl_remote_ws/install/rl_remote_controller/bin/rl_training
