running egg_info
creating ../../build/rl_remote_controller/rl_remote_controller.egg-info
writing ../../build/rl_remote_controller/rl_remote_controller.egg-info/PKG-INFO
writing dependency_links to ../../build/rl_remote_controller/rl_remote_controller.egg-info/dependency_links.txt
writing entry points to ../../build/rl_remote_controller/rl_remote_controller.egg-info/entry_points.txt
writing requirements to ../../build/rl_remote_controller/rl_remote_controller.egg-info/requires.txt
writing top-level names to ../../build/rl_remote_controller/rl_remote_controller.egg-info/top_level.txt
writing manifest file '../../build/rl_remote_controller/rl_remote_controller.egg-info/SOURCES.txt'
reading manifest file '../../build/rl_remote_controller/rl_remote_controller.egg-info/SOURCES.txt'
writing manifest file '../../build/rl_remote_controller/rl_remote_controller.egg-info/SOURCES.txt'
running build
running build_py
creating /media/kai/Kai_Backup/Master_Study/Master_Thesis/Master_Study_Master_Thesis/rl_remote_ws/build/rl_remote_controller/build
creating /media/kai/Kai_Backup/Master_Study/Master_Thesis/Master_Study_Master_Thesis/rl_remote_ws/build/rl_remote_controller/build/lib
creating /media/kai/Kai_Backup/Master_Study/Master_Thesis/Master_Study_Master_Thesis/rl_remote_ws/build/rl_remote_controller/build/lib/rl_remote_controller
copying rl_remote_controller/rl_remote.py -> /media/kai/Kai_Backup/Master_Study/Master_Thesis/Master_Study_Master_Thesis/rl_remote_ws/build/rl_remote_controller/build/lib/rl_remote_controller
copying rl_remote_controller/local.py -> /media/kai/Kai_Backup/Master_Study/Master_Thesis/Master_Study_Master_Thesis/rl_remote_ws/build/rl_remote_controller/build/lib/rl_remote_controller
copying rl_remote_controller/rl_training.py -> /media/kai/Kai_Backup/Master_Study/Master_Thesis/Master_Study_Master_Thesis/rl_remote_ws/build/rl_remote_controller/build/lib/rl_remote_controller
copying rl_remote_controller/__init__.py -> /media/kai/Kai_Backup/Master_Study/Master_Thesis/Master_Study_Master_Thesis/rl_remote_ws/build/rl_remote_controller/build/lib/rl_remote_controller
running install
running install_lib
creating /media/kai/Kai_Backup/Master_Study/Master_Thesis/Master_Study_Master_Thesis/rl_remote_ws/install/rl_remote_controller/lib/python3.10/site-packages/rl_remote_controller
copying /media/kai/Kai_Backup/Master_Study/Master_Thesis/Master_Study_Master_Thesis/rl_remote_ws/build/rl_remote_controller/build/lib/rl_remote_controller/rl_remote.py -> /media/kai/Kai_Backup/Master_Study/Master_Thesis/Master_Study_Master_Thesis/rl_remote_ws/install/rl_remote_controller/lib/python3.10/site-packages/rl_remote_controller
copying /media/kai/Kai_Backup/Master_Study/Master_Thesis/Master_Study_Master_Thesis/rl_remote_ws/build/rl_remote_controller/build/lib/rl_remote_controller/local.py -> /media/kai/Kai_Backup/Master_Study/Master_Thesis/Master_Study_Master_Thesis/rl_remote_ws/install/rl_remote_controller/lib/python3.10/site-packages/rl_remote_controller
copying /media/kai/Kai_Backup/Master_Study/Master_Thesis/Master_Study_Master_Thesis/rl_remote_ws/build/rl_remote_controller/build/lib/rl_remote_controller/rl_training.py -> /media/kai/Kai_Backup/Master_Study/Master_Thesis/Master_Study_Master_Thesis/rl_remote_ws/install/rl_remote_controller/lib/python3.10/site-packages/rl_remote_controller
copying /media/kai/Kai_Backup/Master_Study/Master_Thesis/Master_Study_Master_Thesis/rl_remote_ws/build/rl_remote_controller/build/lib/rl_remote_controller/__init__.py -> /media/kai/Kai_Backup/Master_Study/Master_Thesis/Master_Study_Master_Thesis/rl_remote_ws/install/rl_remote_controller/lib/python3.10/site-packages/rl_remote_controller
byte-compiling /media/kai/Kai_Backup/Master_Study/Master_Thesis/Master_Study_Master_Thesis/rl_remote_ws/install/rl_remote_controller/lib/python3.10/site-packages/rl_remote_controller/rl_remote.py to rl_remote.cpython-310.pyc
byte-compiling /media/kai/Kai_Backup/Master_Study/Master_Thesis/Master_Study_Master_Thesis/rl_remote_ws/install/rl_remote_controller/lib/python3.10/site-packages/rl_remote_controller/local.py to local.cpython-310.pyc
byte-compiling /media/kai/Kai_Backup/Master_Study/Master_Thesis/Master_Study_Master_Thesis/rl_remote_ws/install/rl_remote_controller/lib/python3.10/site-packages/rl_remote_controller/rl_training.py to rl_training.cpython-310.pyc
byte-compiling /media/kai/Kai_Backup/Master_Study/Master_Thesis/Master_Study_Master_Thesis/rl_remote_ws/install/rl_remote_controller/lib/python3.10/site-packages/rl_remote_controller/__init__.py to __init__.cpython-310.pyc
running install_data
creating /media/kai/Kai_Backup/Master_Study/Master_Thesis/Master_Study_Master_Thesis/rl_remote_ws/install/rl_remote_controller/share/ament_index
creating /media/kai/Kai_Backup/Master_Study/Master_Thesis/Master_Study_Master_Thesis/rl_remote_ws/install/rl_remote_controller/share/ament_index/resource_index
creating /media/kai/Kai_Backup/Master_Study/Master_Thesis/Master_Study_Master_Thesis/rl_remote_ws/install/rl_remote_controller/share/ament_index/resource_index/packages
copying resource/rl_remote_controller -> /media/kai/Kai_Backup/Master_Study/Master_Thesis/Master_Study_Master_Thesis/rl_remote_ws/install/rl_remote_controller/share/ament_index/resource_index/packages
copying package.xml -> /media/kai/Kai_Backup/Master_Study/Master_Thesis/Master_Study_Master_Thesis/rl_remote_ws/install/rl_remote_controller/share/rl_remote_controller
creating /media/kai/Kai_Backup/Master_Study/Master_Thesis/Master_Study_Master_Thesis/rl_remote_ws/install/rl_remote_controller/share/rl_remote_controller/launch
copying launch/rl_teleoperation.launch.py -> /media/kai/Kai_Backup/Master_Study/Master_Thesis/Master_Study_Master_Thesis/rl_remote_ws/install/rl_remote_controller/share/rl_remote_controller/launch
running install_egg_info
Copying ../../build/rl_remote_controller/rl_remote_controller.egg-info to /media/kai/Kai_Backup/Master_Study/Master_Thesis/Master_Study_Master_Thesis/rl_remote_ws/install/rl_remote_controller/lib/python3.10/site-packages/rl_remote_controller-0.0.1-py3.10.egg-info
running install_scripts
Installing local script to /media/kai/Kai_Backup/Master_Study/Master_Thesis/Master_Study_Master_Thesis/rl_remote_ws/install/rl_remote_controller/bin
Installing rl_remote script to /media/kai/Kai_Backup/Master_Study/Master_Thesis/Master_Study_Master_Thesis/rl_remote_ws/install/rl_remote_controller/bin
Installing rl_training script to /media/kai/Kai_Backup/Master_Study/Master_Thesis/Master_Study_Master_Thesis/rl_remote_ws/install/rl_remote_controller/bin
writing list of installed files to '/media/kai/Kai_Backup/Master_Study/Master_Thesis/Master_Study_Master_Thesis/rl_remote_ws/build/rl_remote_controller/install.log'
