running egg_info
creating build/franka_mujoco_controller/franka_mujoco_controller.egg-info
writing build/franka_mujoco_controller/franka_mujoco_controller.egg-info/PKG-INFO
writing dependency_links to build/franka_mujoco_controller/franka_mujoco_controller.egg-info/dependency_links.txt
writing entry points to build/franka_mujoco_controller/franka_mujoco_controller.egg-info/entry_points.txt
writing requirements to build/franka_mujoco_controller/franka_mujoco_controller.egg-info/requires.txt
writing top-level names to build/franka_mujoco_controller/franka_mujoco_controller.egg-info/top_level.txt
writing manifest file 'build/franka_mujoco_controller/franka_mujoco_controller.egg-info/SOURCES.txt'
reading manifest file 'build/franka_mujoco_controller/franka_mujoco_controller.egg-info/SOURCES.txt'
writing manifest file 'build/franka_mujoco_controller/franka_mujoco_controller.egg-info/SOURCES.txt'
running build
running build_py
creating /media/kai/Kai_Backup/Master_Study/Master_Thesis/Master_Study_Master_Thesis/fr3_mujoco_ws/src/franka_mujoco_controller/build/franka_mujoco_controller/build
creating /media/kai/Kai_Backup/Master_Study/Master_Thesis/Master_Study_Master_Thesis/fr3_mujoco_ws/src/franka_mujoco_controller/build/franka_mujoco_controller/build/lib
creating /media/kai/Kai_Backup/Master_Study/Master_Thesis/Master_Study_Master_Thesis/fr3_mujoco_ws/src/franka_mujoco_controller/build/franka_mujoco_controller/build/lib/franka_mujoco_controller
copying franka_mujoco_controller/teleoperation_2_local.py -> /media/kai/Kai_Backup/Master_Study/Master_Thesis/Master_Study_Master_Thesis/fr3_mujoco_ws/src/franka_mujoco_controller/build/franka_mujoco_controller/build/lib/franka_mujoco_controller
copying franka_mujoco_controller/teleoperation_2_remote.py -> /media/kai/Kai_Backup/Master_Study/Master_Thesis/Master_Study_Master_Thesis/fr3_mujoco_ws/src/franka_mujoco_controller/build/franka_mujoco_controller/build/lib/franka_mujoco_controller
copying franka_mujoco_controller/teleoperation.py -> /media/kai/Kai_Backup/Master_Study/Master_Thesis/Master_Study_Master_Thesis/fr3_mujoco_ws/src/franka_mujoco_controller/build/franka_mujoco_controller/build/lib/franka_mujoco_controller
copying franka_mujoco_controller/continuous_tracking.py -> /media/kai/Kai_Backup/Master_Study/Master_Thesis/Master_Study_Master_Thesis/fr3_mujoco_ws/src/franka_mujoco_controller/build/franka_mujoco_controller/build/lib/franka_mujoco_controller
copying franka_mujoco_controller/__init__.py -> /media/kai/Kai_Backup/Master_Study/Master_Thesis/Master_Study_Master_Thesis/fr3_mujoco_ws/src/franka_mujoco_controller/build/franka_mujoco_controller/build/lib/franka_mujoco_controller
running install
running install_lib
creating /media/kai/Kai_Backup/Master_Study/Master_Thesis/Master_Study_Master_Thesis/fr3_mujoco_ws/src/franka_mujoco_controller/install/franka_mujoco_controller/lib/python3.10/site-packages/franka_mujoco_controller
copying /media/kai/Kai_Backup/Master_Study/Master_Thesis/Master_Study_Master_Thesis/fr3_mujoco_ws/src/franka_mujoco_controller/build/franka_mujoco_controller/build/lib/franka_mujoco_controller/teleoperation_2_local.py -> /media/kai/Kai_Backup/Master_Study/Master_Thesis/Master_Study_Master_Thesis/fr3_mujoco_ws/src/franka_mujoco_controller/install/franka_mujoco_controller/lib/python3.10/site-packages/franka_mujoco_controller
copying /media/kai/Kai_Backup/Master_Study/Master_Thesis/Master_Study_Master_Thesis/fr3_mujoco_ws/src/franka_mujoco_controller/build/franka_mujoco_controller/build/lib/franka_mujoco_controller/teleoperation_2_remote.py -> /media/kai/Kai_Backup/Master_Study/Master_Thesis/Master_Study_Master_Thesis/fr3_mujoco_ws/src/franka_mujoco_controller/install/franka_mujoco_controller/lib/python3.10/site-packages/franka_mujoco_controller
copying /media/kai/Kai_Backup/Master_Study/Master_Thesis/Master_Study_Master_Thesis/fr3_mujoco_ws/src/franka_mujoco_controller/build/franka_mujoco_controller/build/lib/franka_mujoco_controller/teleoperation.py -> /media/kai/Kai_Backup/Master_Study/Master_Thesis/Master_Study_Master_Thesis/fr3_mujoco_ws/src/franka_mujoco_controller/install/franka_mujoco_controller/lib/python3.10/site-packages/franka_mujoco_controller
copying /media/kai/Kai_Backup/Master_Study/Master_Thesis/Master_Study_Master_Thesis/fr3_mujoco_ws/src/franka_mujoco_controller/build/franka_mujoco_controller/build/lib/franka_mujoco_controller/continuous_tracking.py -> /media/kai/Kai_Backup/Master_Study/Master_Thesis/Master_Study_Master_Thesis/fr3_mujoco_ws/src/franka_mujoco_controller/install/franka_mujoco_controller/lib/python3.10/site-packages/franka_mujoco_controller
copying /media/kai/Kai_Backup/Master_Study/Master_Thesis/Master_Study_Master_Thesis/fr3_mujoco_ws/src/franka_mujoco_controller/build/franka_mujoco_controller/build/lib/franka_mujoco_controller/__init__.py -> /media/kai/Kai_Backup/Master_Study/Master_Thesis/Master_Study_Master_Thesis/fr3_mujoco_ws/src/franka_mujoco_controller/install/franka_mujoco_controller/lib/python3.10/site-packages/franka_mujoco_controller
byte-compiling /media/kai/Kai_Backup/Master_Study/Master_Thesis/Master_Study_Master_Thesis/fr3_mujoco_ws/src/franka_mujoco_controller/install/franka_mujoco_controller/lib/python3.10/site-packages/franka_mujoco_controller/teleoperation_2_local.py to teleoperation_2_local.cpython-310.pyc
byte-compiling /media/kai/Kai_Backup/Master_Study/Master_Thesis/Master_Study_Master_Thesis/fr3_mujoco_ws/src/franka_mujoco_controller/install/franka_mujoco_controller/lib/python3.10/site-packages/franka_mujoco_controller/teleoperation_2_remote.py to teleoperation_2_remote.cpython-310.pyc
byte-compiling /media/kai/Kai_Backup/Master_Study/Master_Thesis/Master_Study_Master_Thesis/fr3_mujoco_ws/src/franka_mujoco_controller/install/franka_mujoco_controller/lib/python3.10/site-packages/franka_mujoco_controller/teleoperation.py to teleoperation.cpython-310.pyc
byte-compiling /media/kai/Kai_Backup/Master_Study/Master_Thesis/Master_Study_Master_Thesis/fr3_mujoco_ws/src/franka_mujoco_controller/install/franka_mujoco_controller/lib/python3.10/site-packages/franka_mujoco_controller/continuous_tracking.py to continuous_tracking.cpython-310.pyc
byte-compiling /media/kai/Kai_Backup/Master_Study/Master_Thesis/Master_Study_Master_Thesis/fr3_mujoco_ws/src/franka_mujoco_controller/install/franka_mujoco_controller/lib/python3.10/site-packages/franka_mujoco_controller/__init__.py to __init__.cpython-310.pyc
running install_data
creating /media/kai/Kai_Backup/Master_Study/Master_Thesis/Master_Study_Master_Thesis/fr3_mujoco_ws/src/franka_mujoco_controller/install/franka_mujoco_controller/share/ament_index
creating /media/kai/Kai_Backup/Master_Study/Master_Thesis/Master_Study_Master_Thesis/fr3_mujoco_ws/src/franka_mujoco_controller/install/franka_mujoco_controller/share/ament_index/resource_index
creating /media/kai/Kai_Backup/Master_Study/Master_Thesis/Master_Study_Master_Thesis/fr3_mujoco_ws/src/franka_mujoco_controller/install/franka_mujoco_controller/share/ament_index/resource_index/packages
copying resource/franka_mujoco_controller -> /media/kai/Kai_Backup/Master_Study/Master_Thesis/Master_Study_Master_Thesis/fr3_mujoco_ws/src/franka_mujoco_controller/install/franka_mujoco_controller/share/ament_index/resource_index/packages
copying package.xml -> /media/kai/Kai_Backup/Master_Study/Master_Thesis/Master_Study_Master_Thesis/fr3_mujoco_ws/src/franka_mujoco_controller/install/franka_mujoco_controller/share/franka_mujoco_controller
creating /media/kai/Kai_Backup/Master_Study/Master_Thesis/Master_Study_Master_Thesis/fr3_mujoco_ws/src/franka_mujoco_controller/install/franka_mujoco_controller/share/franka_mujoco_controller/launch
copying launch/position_control.launch.py -> /media/kai/Kai_Backup/Master_Study/Master_Thesis/Master_Study_Master_Thesis/fr3_mujoco_ws/src/franka_mujoco_controller/install/franka_mujoco_controller/share/franka_mujoco_controller/launch
copying launch/mujoco_controller.launch.py -> /media/kai/Kai_Backup/Master_Study/Master_Thesis/Master_Study_Master_Thesis/fr3_mujoco_ws/src/franka_mujoco_controller/install/franka_mujoco_controller/share/franka_mujoco_controller/launch
copying launch/teleoperation_2.launch.py -> /media/kai/Kai_Backup/Master_Study/Master_Thesis/Master_Study_Master_Thesis/fr3_mujoco_ws/src/franka_mujoco_controller/install/franka_mujoco_controller/share/franka_mujoco_controller/launch
copying launch/teleoperation.launch.py -> /media/kai/Kai_Backup/Master_Study/Master_Thesis/Master_Study_Master_Thesis/fr3_mujoco_ws/src/franka_mujoco_controller/install/franka_mujoco_controller/share/franka_mujoco_controller/launch
creating /media/kai/Kai_Backup/Master_Study/Master_Thesis/Master_Study_Master_Thesis/fr3_mujoco_ws/src/franka_mujoco_controller/install/franka_mujoco_controller/share/franka_mujoco_controller/models
creating /media/kai/Kai_Backup/Master_Study/Master_Thesis/Master_Study_Master_Thesis/fr3_mujoco_ws/src/franka_mujoco_controller/install/franka_mujoco_controller/share/franka_mujoco_controller/models/meshes
creating /media/kai/Kai_Backup/Master_Study/Master_Thesis/Master_Study_Master_Thesis/fr3_mujoco_ws/src/franka_mujoco_controller/install/franka_mujoco_controller/share/franka_mujoco_controller/config
running install_egg_info
Copying build/franka_mujoco_controller/franka_mujoco_controller.egg-info to /media/kai/Kai_Backup/Master_Study/Master_Thesis/Master_Study_Master_Thesis/fr3_mujoco_ws/src/franka_mujoco_controller/install/franka_mujoco_controller/lib/python3.10/site-packages/franka_mujoco_controller-0.0.0-py3.10.egg-info
running install_scripts
Installing Bridge_ROS2_MUJOCO script to /media/kai/Kai_Backup/Master_Study/Master_Thesis/Master_Study_Master_Thesis/fr3_mujoco_ws/src/franka_mujoco_controller/install/franka_mujoco_controller/lib/franka_mujoco_controller
Installing position_control script to /media/kai/Kai_Backup/Master_Study/Master_Thesis/Master_Study_Master_Thesis/fr3_mujoco_ws/src/franka_mujoco_controller/install/franka_mujoco_controller/lib/franka_mujoco_controller
Installing teleoperation script to /media/kai/Kai_Backup/Master_Study/Master_Thesis/Master_Study_Master_Thesis/fr3_mujoco_ws/src/franka_mujoco_controller/install/franka_mujoco_controller/lib/franka_mujoco_controller
Installing teleoperation_2_local script to /media/kai/Kai_Backup/Master_Study/Master_Thesis/Master_Study_Master_Thesis/fr3_mujoco_ws/src/franka_mujoco_controller/install/franka_mujoco_controller/lib/franka_mujoco_controller
Installing teleoperation_2_remote script to /media/kai/Kai_Backup/Master_Study/Master_Thesis/Master_Study_Master_Thesis/fr3_mujoco_ws/src/franka_mujoco_controller/install/franka_mujoco_controller/lib/franka_mujoco_controller
writing list of installed files to '/media/kai/Kai_Backup/Master_Study/Master_Thesis/Master_Study_Master_Thesis/fr3_mujoco_ws/src/franka_mujoco_controller/build/franka_mujoco_controller/install.log'
