[0.609s] Invoking command in '/media/kai/Kai_Backup/Master_Study/Master_Thesis/Master_Study_Master_Thesis/fr3_mujoco_ws/src/franka_mujoco_controller': CONDA_PROMPT_MODIFIER=(master_thesis) PYTHONPATH=/media/kai/Kai_Backup/Master_Study/Master_Thesis/Master_Study_Master_Thesis/fr3_mujoco_ws/src/franka_mujoco_controller/build/franka_mujoco_controller/prefix_override:/usr/lib/python3/dist-packages/colcon_core/task/python/colcon_distutils_commands:/media/kai/Kai_Backup/Master_Study/Master_Thesis/Master_Study_Master_Thesis/fr3_mujoco_ws/src/franka_mujoco_controller/install/franka_mujoco_controller/lib/python3.10/site-packages:${PYTHONPATH} /usr/bin/python3 -W ignore:setup.py install is deprecated -W ignore:easy_install command is deprecated setup.py egg_info --egg-base build/franka_mujoco_controller build --build-base /media/kai/Kai_Backup/Master_Study/Master_Thesis/Master_Study_Master_Thesis/fr3_mujoco_ws/src/franka_mujoco_controller/build/franka_mujoco_controller/build install --record /media/kai/Kai_Backup/Master_Study/Master_Thesis/Master_Study_Master_Thesis/fr3_mujoco_ws/src/franka_mujoco_controller/build/franka_mujoco_controller/install.log --single-version-externally-managed install_data
[0.835s] running egg_info
[0.836s] creating build/franka_mujoco_controller/franka_mujoco_controller.egg-info
[0.836s] writing build/franka_mujoco_controller/franka_mujoco_controller.egg-info/PKG-INFO
[0.836s] writing dependency_links to build/franka_mujoco_controller/franka_mujoco_controller.egg-info/dependency_links.txt
[0.836s] writing entry points to build/franka_mujoco_controller/franka_mujoco_controller.egg-info/entry_points.txt
[0.836s] writing requirements to build/franka_mujoco_controller/franka_mujoco_controller.egg-info/requires.txt
[0.836s] writing top-level names to build/franka_mujoco_controller/franka_mujoco_controller.egg-info/top_level.txt
[0.837s] writing manifest file 'build/franka_mujoco_controller/franka_mujoco_controller.egg-info/SOURCES.txt'
[0.838s] reading manifest file 'build/franka_mujoco_controller/franka_mujoco_controller.egg-info/SOURCES.txt'
[0.839s] writing manifest file 'build/franka_mujoco_controller/franka_mujoco_controller.egg-info/SOURCES.txt'
[0.839s] running build
[0.839s] running build_py
[0.839s] creating /media/kai/Kai_Backup/Master_Study/Master_Thesis/Master_Study_Master_Thesis/fr3_mujoco_ws/src/franka_mujoco_controller/build/franka_mujoco_controller/build
[0.839s] creating /media/kai/Kai_Backup/Master_Study/Master_Thesis/Master_Study_Master_Thesis/fr3_mujoco_ws/src/franka_mujoco_controller/build/franka_mujoco_controller/build/lib
[0.839s] creating /media/kai/Kai_Backup/Master_Study/Master_Thesis/Master_Study_Master_Thesis/fr3_mujoco_ws/src/franka_mujoco_controller/build/franka_mujoco_controller/build/lib/franka_mujoco_controller
[0.839s] copying franka_mujoco_controller/teleoperation_2_local.py -> /media/kai/Kai_Backup/Master_Study/Master_Thesis/Master_Study_Master_Thesis/fr3_mujoco_ws/src/franka_mujoco_controller/build/franka_mujoco_controller/build/lib/franka_mujoco_controller
[0.839s] copying franka_mujoco_controller/teleoperation_2_remote.py -> /media/kai/Kai_Backup/Master_Study/Master_Thesis/Master_Study_Master_Thesis/fr3_mujoco_ws/src/franka_mujoco_controller/build/franka_mujoco_controller/build/lib/franka_mujoco_controller
[0.840s] copying franka_mujoco_controller/teleoperation.py -> /media/kai/Kai_Backup/Master_Study/Master_Thesis/Master_Study_Master_Thesis/fr3_mujoco_ws/src/franka_mujoco_controller/build/franka_mujoco_controller/build/lib/franka_mujoco_controller
[0.840s] copying franka_mujoco_controller/continuous_tracking.py -> /media/kai/Kai_Backup/Master_Study/Master_Thesis/Master_Study_Master_Thesis/fr3_mujoco_ws/src/franka_mujoco_controller/build/franka_mujoco_controller/build/lib/franka_mujoco_controller
[0.840s] copying franka_mujoco_controller/__init__.py -> /media/kai/Kai_Backup/Master_Study/Master_Thesis/Master_Study_Master_Thesis/fr3_mujoco_ws/src/franka_mujoco_controller/build/franka_mujoco_controller/build/lib/franka_mujoco_controller
[0.840s] running install
[0.840s] running install_lib
[0.840s] creating /media/kai/Kai_Backup/Master_Study/Master_Thesis/Master_Study_Master_Thesis/fr3_mujoco_ws/src/franka_mujoco_controller/install/franka_mujoco_controller/lib/python3.10/site-packages/franka_mujoco_controller
[0.841s] copying /media/kai/Kai_Backup/Master_Study/Master_Thesis/Master_Study_Master_Thesis/fr3_mujoco_ws/src/franka_mujoco_controller/build/franka_mujoco_controller/build/lib/franka_mujoco_controller/teleoperation_2_local.py -> /media/kai/Kai_Backup/Master_Study/Master_Thesis/Master_Study_Master_Thesis/fr3_mujoco_ws/src/franka_mujoco_controller/install/franka_mujoco_controller/lib/python3.10/site-packages/franka_mujoco_controller
[0.841s] copying /media/kai/Kai_Backup/Master_Study/Master_Thesis/Master_Study_Master_Thesis/fr3_mujoco_ws/src/franka_mujoco_controller/build/franka_mujoco_controller/build/lib/franka_mujoco_controller/teleoperation_2_remote.py -> /media/kai/Kai_Backup/Master_Study/Master_Thesis/Master_Study_Master_Thesis/fr3_mujoco_ws/src/franka_mujoco_controller/install/franka_mujoco_controller/lib/python3.10/site-packages/franka_mujoco_controller
[0.841s] copying /media/kai/Kai_Backup/Master_Study/Master_Thesis/Master_Study_Master_Thesis/fr3_mujoco_ws/src/franka_mujoco_controller/build/franka_mujoco_controller/build/lib/franka_mujoco_controller/teleoperation.py -> /media/kai/Kai_Backup/Master_Study/Master_Thesis/Master_Study_Master_Thesis/fr3_mujoco_ws/src/franka_mujoco_controller/install/franka_mujoco_controller/lib/python3.10/site-packages/franka_mujoco_controller
[0.841s] copying /media/kai/Kai_Backup/Master_Study/Master_Thesis/Master_Study_Master_Thesis/fr3_mujoco_ws/src/franka_mujoco_controller/build/franka_mujoco_controller/build/lib/franka_mujoco_controller/continuous_tracking.py -> /media/kai/Kai_Backup/Master_Study/Master_Thesis/Master_Study_Master_Thesis/fr3_mujoco_ws/src/franka_mujoco_controller/install/franka_mujoco_controller/lib/python3.10/site-packages/franka_mujoco_controller
[0.841s] copying /media/kai/Kai_Backup/Master_Study/Master_Thesis/Master_Study_Master_Thesis/fr3_mujoco_ws/src/franka_mujoco_controller/build/franka_mujoco_controller/build/lib/franka_mujoco_controller/__init__.py -> /media/kai/Kai_Backup/Master_Study/Master_Thesis/Master_Study_Master_Thesis/fr3_mujoco_ws/src/franka_mujoco_controller/install/franka_mujoco_controller/lib/python3.10/site-packages/franka_mujoco_controller
[0.841s] byte-compiling /media/kai/Kai_Backup/Master_Study/Master_Thesis/Master_Study_Master_Thesis/fr3_mujoco_ws/src/franka_mujoco_controller/install/franka_mujoco_controller/lib/python3.10/site-packages/franka_mujoco_controller/teleoperation_2_local.py to teleoperation_2_local.cpython-310.pyc
[0.843s] byte-compiling /media/kai/Kai_Backup/Master_Study/Master_Thesis/Master_Study_Master_Thesis/fr3_mujoco_ws/src/franka_mujoco_controller/install/franka_mujoco_controller/lib/python3.10/site-packages/franka_mujoco_controller/teleoperation_2_remote.py to teleoperation_2_remote.cpython-310.pyc
[0.844s] byte-compiling /media/kai/Kai_Backup/Master_Study/Master_Thesis/Master_Study_Master_Thesis/fr3_mujoco_ws/src/franka_mujoco_controller/install/franka_mujoco_controller/lib/python3.10/site-packages/franka_mujoco_controller/teleoperation.py to teleoperation.cpython-310.pyc
[0.846s] byte-compiling /media/kai/Kai_Backup/Master_Study/Master_Thesis/Master_Study_Master_Thesis/fr3_mujoco_ws/src/franka_mujoco_controller/install/franka_mujoco_controller/lib/python3.10/site-packages/franka_mujoco_controller/continuous_tracking.py to continuous_tracking.cpython-310.pyc
[0.847s] byte-compiling /media/kai/Kai_Backup/Master_Study/Master_Thesis/Master_Study_Master_Thesis/fr3_mujoco_ws/src/franka_mujoco_controller/install/franka_mujoco_controller/lib/python3.10/site-packages/franka_mujoco_controller/__init__.py to __init__.cpython-310.pyc
[0.848s] running install_data
[0.848s] creating /media/kai/Kai_Backup/Master_Study/Master_Thesis/Master_Study_Master_Thesis/fr3_mujoco_ws/src/franka_mujoco_controller/install/franka_mujoco_controller/share/ament_index
[0.848s] creating /media/kai/Kai_Backup/Master_Study/Master_Thesis/Master_Study_Master_Thesis/fr3_mujoco_ws/src/franka_mujoco_controller/install/franka_mujoco_controller/share/ament_index/resource_index
[0.848s] creating /media/kai/Kai_Backup/Master_Study/Master_Thesis/Master_Study_Master_Thesis/fr3_mujoco_ws/src/franka_mujoco_controller/install/franka_mujoco_controller/share/ament_index/resource_index/packages
[0.848s] copying resource/franka_mujoco_controller -> /media/kai/Kai_Backup/Master_Study/Master_Thesis/Master_Study_Master_Thesis/fr3_mujoco_ws/src/franka_mujoco_controller/install/franka_mujoco_controller/share/ament_index/resource_index/packages
[0.848s] copying package.xml -> /media/kai/Kai_Backup/Master_Study/Master_Thesis/Master_Study_Master_Thesis/fr3_mujoco_ws/src/franka_mujoco_controller/install/franka_mujoco_controller/share/franka_mujoco_controller
[0.848s] creating /media/kai/Kai_Backup/Master_Study/Master_Thesis/Master_Study_Master_Thesis/fr3_mujoco_ws/src/franka_mujoco_controller/install/franka_mujoco_controller/share/franka_mujoco_controller/launch
[0.848s] copying launch/position_control.launch.py -> /media/kai/Kai_Backup/Master_Study/Master_Thesis/Master_Study_Master_Thesis/fr3_mujoco_ws/src/franka_mujoco_controller/install/franka_mujoco_controller/share/franka_mujoco_controller/launch
[0.848s] copying launch/mujoco_controller.launch.py -> /media/kai/Kai_Backup/Master_Study/Master_Thesis/Master_Study_Master_Thesis/fr3_mujoco_ws/src/franka_mujoco_controller/install/franka_mujoco_controller/share/franka_mujoco_controller/launch
[0.848s] copying launch/teleoperation_2.launch.py -> /media/kai/Kai_Backup/Master_Study/Master_Thesis/Master_Study_Master_Thesis/fr3_mujoco_ws/src/franka_mujoco_controller/install/franka_mujoco_controller/share/franka_mujoco_controller/launch
[0.849s] copying launch/teleoperation.launch.py -> /media/kai/Kai_Backup/Master_Study/Master_Thesis/Master_Study_Master_Thesis/fr3_mujoco_ws/src/franka_mujoco_controller/install/franka_mujoco_controller/share/franka_mujoco_controller/launch
[0.849s] creating /media/kai/Kai_Backup/Master_Study/Master_Thesis/Master_Study_Master_Thesis/fr3_mujoco_ws/src/franka_mujoco_controller/install/franka_mujoco_controller/share/franka_mujoco_controller/models
[0.849s] creating /media/kai/Kai_Backup/Master_Study/Master_Thesis/Master_Study_Master_Thesis/fr3_mujoco_ws/src/franka_mujoco_controller/install/franka_mujoco_controller/share/franka_mujoco_controller/models/meshes
[0.849s] creating /media/kai/Kai_Backup/Master_Study/Master_Thesis/Master_Study_Master_Thesis/fr3_mujoco_ws/src/franka_mujoco_controller/install/franka_mujoco_controller/share/franka_mujoco_controller/config
[0.849s] running install_egg_info
[0.850s] Copying build/franka_mujoco_controller/franka_mujoco_controller.egg-info to /media/kai/Kai_Backup/Master_Study/Master_Thesis/Master_Study_Master_Thesis/fr3_mujoco_ws/src/franka_mujoco_controller/install/franka_mujoco_controller/lib/python3.10/site-packages/franka_mujoco_controller-0.0.0-py3.10.egg-info
[0.850s] running install_scripts
[0.867s] Installing Bridge_ROS2_MUJOCO script to /media/kai/Kai_Backup/Master_Study/Master_Thesis/Master_Study_Master_Thesis/fr3_mujoco_ws/src/franka_mujoco_controller/install/franka_mujoco_controller/lib/franka_mujoco_controller
[0.867s] Installing position_control script to /media/kai/Kai_Backup/Master_Study/Master_Thesis/Master_Study_Master_Thesis/fr3_mujoco_ws/src/franka_mujoco_controller/install/franka_mujoco_controller/lib/franka_mujoco_controller
[0.867s] Installing teleoperation script to /media/kai/Kai_Backup/Master_Study/Master_Thesis/Master_Study_Master_Thesis/fr3_mujoco_ws/src/franka_mujoco_controller/install/franka_mujoco_controller/lib/franka_mujoco_controller
[0.867s] Installing teleoperation_2_local script to /media/kai/Kai_Backup/Master_Study/Master_Thesis/Master_Study_Master_Thesis/fr3_mujoco_ws/src/franka_mujoco_controller/install/franka_mujoco_controller/lib/franka_mujoco_controller
[0.868s] Installing teleoperation_2_remote script to /media/kai/Kai_Backup/Master_Study/Master_Thesis/Master_Study_Master_Thesis/fr3_mujoco_ws/src/franka_mujoco_controller/install/franka_mujoco_controller/lib/franka_mujoco_controller
[0.868s] writing list of installed files to '/media/kai/Kai_Backup/Master_Study/Master_Thesis/Master_Study_Master_Thesis/fr3_mujoco_ws/src/franka_mujoco_controller/build/franka_mujoco_controller/install.log'
[0.884s] Invoked command in '/media/kai/Kai_Backup/Master_Study/Master_Thesis/Master_Study_Master_Thesis/fr3_mujoco_ws/src/franka_mujoco_controller' returned '0': CONDA_PROMPT_MODIFIER=(master_thesis) PYTHONPATH=/media/kai/Kai_Backup/Master_Study/Master_Thesis/Master_Study_Master_Thesis/fr3_mujoco_ws/src/franka_mujoco_controller/build/franka_mujoco_controller/prefix_override:/usr/lib/python3/dist-packages/colcon_core/task/python/colcon_distutils_commands:/media/kai/Kai_Backup/Master_Study/Master_Thesis/Master_Study_Master_Thesis/fr3_mujoco_ws/src/franka_mujoco_controller/install/franka_mujoco_controller/lib/python3.10/site-packages:${PYTHONPATH} /usr/bin/python3 -W ignore:setup.py install is deprecated -W ignore:easy_install command is deprecated setup.py egg_info --egg-base build/franka_mujoco_controller build --build-base /media/kai/Kai_Backup/Master_Study/Master_Thesis/Master_Study_Master_Thesis/fr3_mujoco_ws/src/franka_mujoco_controller/build/franka_mujoco_controller/build install --record /media/kai/Kai_Backup/Master_Study/Master_Thesis/Master_Study_Master_Thesis/fr3_mujoco_ws/src/franka_mujoco_controller/build/franka_mujoco_controller/install.log --single-version-externally-managed install_data
