[0.556s] Invoking command in '/media/kai/Kai_Backup/Master_Study/Master_Thesis/Master_Study_Master_Thesis/fr3_mujoco_ws/src/franka_mujoco_controller': CONDA_PROMPT_MODIFIER=(master_thesis) PYTHONPATH=/media/kai/Kai_Backup/Master_Study/Master_Thesis/Master_Study_Master_Thesis/fr3_mujoco_ws/src/franka_mujoco_controller/build/franka_mujoco_controller/prefix_override:/usr/lib/python3/dist-packages/colcon_core/task/python/colcon_distutils_commands:/media/kai/Kai_Backup/Master_Study/Master_Thesis/Master_Study_Master_Thesis/fr3_mujoco_ws/src/franka_mujoco_controller/install/franka_mujoco_controller/lib/python3.10/site-packages:${PYTHONPATH} /usr/bin/python3 -W ignore:setup.py install is deprecated -W ignore:easy_install command is deprecated setup.py egg_info --egg-base build/franka_mujoco_controller build --build-base /media/kai/Kai_Backup/Master_Study/Master_Thesis/Master_Study_Master_Thesis/fr3_mujoco_ws/src/franka_mujoco_controller/build/franka_mujoco_controller/build install --record /media/kai/Kai_Backup/Master_Study/Master_Thesis/Master_Study_Master_Thesis/fr3_mujoco_ws/src/franka_mujoco_controller/build/franka_mujoco_controller/install.log --single-version-externally-managed install_data
[0.781s] running egg_info
[0.781s] writing build/franka_mujoco_controller/franka_mujoco_controller.egg-info/PKG-INFO
[0.781s] writing dependency_links to build/franka_mujoco_controller/franka_mujoco_controller.egg-info/dependency_links.txt
[0.782s] writing entry points to build/franka_mujoco_controller/franka_mujoco_controller.egg-info/entry_points.txt
[0.782s] writing requirements to build/franka_mujoco_controller/franka_mujoco_controller.egg-info/requires.txt
[0.782s] writing top-level names to build/franka_mujoco_controller/franka_mujoco_controller.egg-info/top_level.txt
[0.783s] reading manifest file 'build/franka_mujoco_controller/franka_mujoco_controller.egg-info/SOURCES.txt'
[0.784s] writing manifest file 'build/franka_mujoco_controller/franka_mujoco_controller.egg-info/SOURCES.txt'
[0.785s] running build
[0.785s] running build_py
[0.785s] copying franka_mujoco_controller/teleoperation_2_local.py -> /media/kai/Kai_Backup/Master_Study/Master_Thesis/Master_Study_Master_Thesis/fr3_mujoco_ws/src/franka_mujoco_controller/build/franka_mujoco_controller/build/lib/franka_mujoco_controller
[0.785s] copying franka_mujoco_controller/TrajectoryGenerator_2.py -> /media/kai/Kai_Backup/Master_Study/Master_Thesis/Master_Study_Master_Thesis/fr3_mujoco_ws/src/franka_mujoco_controller/build/franka_mujoco_controller/build/lib/franka_mujoco_controller
[0.785s] copying franka_mujoco_controller/TrajectoryGenerator.py -> /media/kai/Kai_Backup/Master_Study/Master_Thesis/Master_Study_Master_Thesis/fr3_mujoco_ws/src/franka_mujoco_controller/build/franka_mujoco_controller/build/lib/franka_mujoco_controller
[0.785s] running install
[0.785s] running install_lib
[0.786s] copying /media/kai/Kai_Backup/Master_Study/Master_Thesis/Master_Study_Master_Thesis/fr3_mujoco_ws/src/franka_mujoco_controller/build/franka_mujoco_controller/build/lib/franka_mujoco_controller/teleoperation_2_local.py -> /media/kai/Kai_Backup/Master_Study/Master_Thesis/Master_Study_Master_Thesis/fr3_mujoco_ws/src/franka_mujoco_controller/install/franka_mujoco_controller/lib/python3.10/site-packages/franka_mujoco_controller
[0.786s] copying /media/kai/Kai_Backup/Master_Study/Master_Thesis/Master_Study_Master_Thesis/fr3_mujoco_ws/src/franka_mujoco_controller/build/franka_mujoco_controller/build/lib/franka_mujoco_controller/TrajectoryGenerator_2.py -> /media/kai/Kai_Backup/Master_Study/Master_Thesis/Master_Study_Master_Thesis/fr3_mujoco_ws/src/franka_mujoco_controller/install/franka_mujoco_controller/lib/python3.10/site-packages/franka_mujoco_controller
[0.786s] copying /media/kai/Kai_Backup/Master_Study/Master_Thesis/Master_Study_Master_Thesis/fr3_mujoco_ws/src/franka_mujoco_controller/build/franka_mujoco_controller/build/lib/franka_mujoco_controller/TrajectoryGenerator.py -> /media/kai/Kai_Backup/Master_Study/Master_Thesis/Master_Study_Master_Thesis/fr3_mujoco_ws/src/franka_mujoco_controller/install/franka_mujoco_controller/lib/python3.10/site-packages/franka_mujoco_controller
[0.787s] byte-compiling /media/kai/Kai_Backup/Master_Study/Master_Thesis/Master_Study_Master_Thesis/fr3_mujoco_ws/src/franka_mujoco_controller/install/franka_mujoco_controller/lib/python3.10/site-packages/franka_mujoco_controller/teleoperation_2_local.py to teleoperation_2_local.cpython-310.pyc
[0.788s] byte-compiling /media/kai/Kai_Backup/Master_Study/Master_Thesis/Master_Study_Master_Thesis/fr3_mujoco_ws/src/franka_mujoco_controller/install/franka_mujoco_controller/lib/python3.10/site-packages/franka_mujoco_controller/TrajectoryGenerator_2.py to TrajectoryGenerator_2.cpython-310.pyc
[0.789s] byte-compiling /media/kai/Kai_Backup/Master_Study/Master_Thesis/Master_Study_Master_Thesis/fr3_mujoco_ws/src/franka_mujoco_controller/install/franka_mujoco_controller/lib/python3.10/site-packages/franka_mujoco_controller/TrajectoryGenerator.py to TrajectoryGenerator.cpython-310.pyc
[0.790s] running install_data
[0.790s] running install_egg_info
[0.793s] removing '/media/kai/Kai_Backup/Master_Study/Master_Thesis/Master_Study_Master_Thesis/fr3_mujoco_ws/src/franka_mujoco_controller/install/franka_mujoco_controller/lib/python3.10/site-packages/franka_mujoco_controller-0.0.0-py3.10.egg-info' (and everything under it)
[0.793s] Copying build/franka_mujoco_controller/franka_mujoco_controller.egg-info to /media/kai/Kai_Backup/Master_Study/Master_Thesis/Master_Study_Master_Thesis/fr3_mujoco_ws/src/franka_mujoco_controller/install/franka_mujoco_controller/lib/python3.10/site-packages/franka_mujoco_controller-0.0.0-py3.10.egg-info
[0.793s] running install_scripts
[0.813s] Installing Bridge_ROS2_MUJOCO script to /media/kai/Kai_Backup/Master_Study/Master_Thesis/Master_Study_Master_Thesis/fr3_mujoco_ws/src/franka_mujoco_controller/install/franka_mujoco_controller/lib/franka_mujoco_controller
[0.813s] Installing position_control script to /media/kai/Kai_Backup/Master_Study/Master_Thesis/Master_Study_Master_Thesis/fr3_mujoco_ws/src/franka_mujoco_controller/install/franka_mujoco_controller/lib/franka_mujoco_controller
[0.813s] Installing teleoperation script to /media/kai/Kai_Backup/Master_Study/Master_Thesis/Master_Study_Master_Thesis/fr3_mujoco_ws/src/franka_mujoco_controller/install/franka_mujoco_controller/lib/franka_mujoco_controller
[0.814s] Installing teleoperation_2_local script to /media/kai/Kai_Backup/Master_Study/Master_Thesis/Master_Study_Master_Thesis/fr3_mujoco_ws/src/franka_mujoco_controller/install/franka_mujoco_controller/lib/franka_mujoco_controller
[0.814s] Installing teleoperation_2_remote script to /media/kai/Kai_Backup/Master_Study/Master_Thesis/Master_Study_Master_Thesis/fr3_mujoco_ws/src/franka_mujoco_controller/install/franka_mujoco_controller/lib/franka_mujoco_controller
[0.814s] writing list of installed files to '/media/kai/Kai_Backup/Master_Study/Master_Thesis/Master_Study_Master_Thesis/fr3_mujoco_ws/src/franka_mujoco_controller/build/franka_mujoco_controller/install.log'
[0.835s] Invoked command in '/media/kai/Kai_Backup/Master_Study/Master_Thesis/Master_Study_Master_Thesis/fr3_mujoco_ws/src/franka_mujoco_controller' returned '0': CONDA_PROMPT_MODIFIER=(master_thesis) PYTHONPATH=/media/kai/Kai_Backup/Master_Study/Master_Thesis/Master_Study_Master_Thesis/fr3_mujoco_ws/src/franka_mujoco_controller/build/franka_mujoco_controller/prefix_override:/usr/lib/python3/dist-packages/colcon_core/task/python/colcon_distutils_commands:/media/kai/Kai_Backup/Master_Study/Master_Thesis/Master_Study_Master_Thesis/fr3_mujoco_ws/src/franka_mujoco_controller/install/franka_mujoco_controller/lib/python3.10/site-packages:${PYTHONPATH} /usr/bin/python3 -W ignore:setup.py install is deprecated -W ignore:easy_install command is deprecated setup.py egg_info --egg-base build/franka_mujoco_controller build --build-base /media/kai/Kai_Backup/Master_Study/Master_Thesis/Master_Study_Master_Thesis/fr3_mujoco_ws/src/franka_mujoco_controller/build/franka_mujoco_controller/build install --record /media/kai/Kai_Backup/Master_Study/Master_Thesis/Master_Study_Master_Thesis/fr3_mujoco_ws/src/franka_mujoco_controller/build/franka_mujoco_controller/install.log --single-version-externally-managed install_data
