[0.528s] Invoking command in '/media/kai/Kai_Backup/Study/Master_Thesis/My_Master_Thesis/PD_with_object_franka_mujoco_ws/src/franka_mujoco_controller': PYTHONPATH=/media/kai/Kai_Backup/Study/Master_Thesis/My_Master_Thesis/PD_with_object_franka_mujoco_ws/build/franka_mujoco_controller/prefix_override:/usr/lib/python3/dist-packages/colcon_core/task/python/colcon_distutils_commands:/media/kai/Kai_Backup/Study/Master_Thesis/My_Master_Thesis/PD_with_object_franka_mujoco_ws/install/franka_mujoco_controller/lib/python3.10/site-packages:${PYTHONPATH} /usr/bin/python3 -W ignore:setup.py install is deprecated -W ignore:easy_install command is deprecated setup.py egg_info --egg-base ../../build/franka_mujoco_controller build --build-base /media/kai/Kai_Backup/Study/Master_Thesis/My_Master_Thesis/PD_with_object_franka_mujoco_ws/build/franka_mujoco_controller/build install --record /media/kai/Kai_Backup/Study/Master_Thesis/My_Master_Thesis/PD_with_object_franka_mujoco_ws/build/franka_mujoco_controller/install.log --single-version-externally-managed install_data
[0.735s] running egg_info
[0.735s] writing ../../build/franka_mujoco_controller/franka_mujoco_controller.egg-info/PKG-INFO
[0.736s] writing dependency_links to ../../build/franka_mujoco_controller/franka_mujoco_controller.egg-info/dependency_links.txt
[0.736s] writing entry points to ../../build/franka_mujoco_controller/franka_mujoco_controller.egg-info/entry_points.txt
[0.736s] writing requirements to ../../build/franka_mujoco_controller/franka_mujoco_controller.egg-info/requires.txt
[0.736s] writing top-level names to ../../build/franka_mujoco_controller/franka_mujoco_controller.egg-info/top_level.txt
[0.737s] reading manifest file '../../build/franka_mujoco_controller/franka_mujoco_controller.egg-info/SOURCES.txt'
[0.739s] writing manifest file '../../build/franka_mujoco_controller/franka_mujoco_controller.egg-info/SOURCES.txt'
[0.739s] running build
[0.739s] running build_py
[0.739s] copying franka_mujoco_controller/object_pushing_controller.py -> /media/kai/Kai_Backup/Study/Master_Thesis/My_Master_Thesis/PD_with_object_franka_mujoco_ws/build/franka_mujoco_controller/build/lib/franka_mujoco_controller
[0.739s] running install
[0.740s] running install_lib
[0.740s] copying /media/kai/Kai_Backup/Study/Master_Thesis/My_Master_Thesis/PD_with_object_franka_mujoco_ws/build/franka_mujoco_controller/build/lib/franka_mujoco_controller/object_pushing_controller.py -> /media/kai/Kai_Backup/Study/Master_Thesis/My_Master_Thesis/PD_with_object_franka_mujoco_ws/install/franka_mujoco_controller/lib/python3.10/site-packages/franka_mujoco_controller
[0.741s] byte-compiling /media/kai/Kai_Backup/Study/Master_Thesis/My_Master_Thesis/PD_with_object_franka_mujoco_ws/install/franka_mujoco_controller/lib/python3.10/site-packages/franka_mujoco_controller/object_pushing_controller.py to object_pushing_controller.cpython-310.pyc
[0.744s] byte-compiling /media/kai/Kai_Backup/Study/Master_Thesis/My_Master_Thesis/PD_with_object_franka_mujoco_ws/install/franka_mujoco_controller/lib/python3.10/site-packages/franka_mujoco_controller/manual_push_control.py to manual_push_control.cpython-310.pyc
[0.744s] running install_data
[0.744s]   File "/media/kai/Kai_Backup/Study/Master_Thesis/My_Master_Thesis/PD_with_object_franka_mujoco_ws/install/franka_mujoco_controller/lib/python3.10/site-packages/franka_mujoco_controller/manual_push_control.py", line 45
[0.744s]     self.get_logger().info('# Object Pushing PD Controller for Franka FR3
[0.744s]                            ^
[0.744s] SyntaxError: unterminated string literal (detected at line 45)
[0.744s] 
[0.744s] running install_egg_info
[0.746s] removing '/media/kai/Kai_Backup/Study/Master_Thesis/My_Master_Thesis/PD_with_object_franka_mujoco_ws/install/franka_mujoco_controller/lib/python3.10/site-packages/franka_mujoco_controller-0.0.0-py3.10.egg-info' (and everything under it)
[0.746s] Copying ../../build/franka_mujoco_controller/franka_mujoco_controller.egg-info to /media/kai/Kai_Backup/Study/Master_Thesis/My_Master_Thesis/PD_with_object_franka_mujoco_ws/install/franka_mujoco_controller/lib/python3.10/site-packages/franka_mujoco_controller-0.0.0-py3.10.egg-info
[0.747s] running install_scripts
[0.763s] Installing advanced_pd_controller script to /media/kai/Kai_Backup/Study/Master_Thesis/My_Master_Thesis/PD_with_object_franka_mujoco_ws/install/franka_mujoco_controller/lib/franka_mujoco_controller
[0.764s] Installing mujoco_controller script to /media/kai/Kai_Backup/Study/Master_Thesis/My_Master_Thesis/PD_with_object_franka_mujoco_ws/install/franka_mujoco_controller/lib/franka_mujoco_controller
[0.764s] Installing object_pushing_controller script to /media/kai/Kai_Backup/Study/Master_Thesis/My_Master_Thesis/PD_with_object_franka_mujoco_ws/install/franka_mujoco_controller/lib/franka_mujoco_controller
[0.764s] Installing test_pushing script to /media/kai/Kai_Backup/Study/Master_Thesis/My_Master_Thesis/PD_with_object_franka_mujoco_ws/install/franka_mujoco_controller/lib/franka_mujoco_controller
[0.764s] writing list of installed files to '/media/kai/Kai_Backup/Study/Master_Thesis/My_Master_Thesis/PD_with_object_franka_mujoco_ws/build/franka_mujoco_controller/install.log'
[0.780s] Invoked command in '/media/kai/Kai_Backup/Study/Master_Thesis/My_Master_Thesis/PD_with_object_franka_mujoco_ws/src/franka_mujoco_controller' returned '0': PYTHONPATH=/media/kai/Kai_Backup/Study/Master_Thesis/My_Master_Thesis/PD_with_object_franka_mujoco_ws/build/franka_mujoco_controller/prefix_override:/usr/lib/python3/dist-packages/colcon_core/task/python/colcon_distutils_commands:/media/kai/Kai_Backup/Study/Master_Thesis/My_Master_Thesis/PD_with_object_franka_mujoco_ws/install/franka_mujoco_controller/lib/python3.10/site-packages:${PYTHONPATH} /usr/bin/python3 -W ignore:setup.py install is deprecated -W ignore:easy_install command is deprecated setup.py egg_info --egg-base ../../build/franka_mujoco_controller build --build-base /media/kai/Kai_Backup/Study/Master_Thesis/My_Master_Thesis/PD_with_object_franka_mujoco_ws/build/franka_mujoco_controller/build install --record /media/kai/Kai_Backup/Study/Master_Thesis/My_Master_Thesis/PD_with_object_franka_mujoco_ws/build/franka_mujoco_controller/install.log --single-version-externally-managed install_data
