/media/kai/Kai_Backup/Study/Master_Thesis/My_Master_Thesis/PD_with_object_franka_mujoco_ws/install/franka_mujoco_controller/lib/python3.10/site-packages/franka_mujoco_controller/advanced_pd_controller.py
/media/kai/Kai_Backup/Study/Master_Thesis/My_Master_Thesis/PD_with_object_franka_mujoco_ws/install/franka_mujoco_controller/lib/python3.10/site-packages/franka_mujoco_controller/test_controllers.py
/media/kai/Kai_Backup/Study/Master_Thesis/My_Master_Thesis/PD_with_object_franka_mujoco_ws/install/franka_mujoco_controller/lib/python3.10/site-packages/franka_mujoco_controller/__init__.py
/media/kai/Kai_Backup/Study/Master_Thesis/My_Master_Thesis/PD_with_object_franka_mujoco_ws/install/franka_mujoco_controller/lib/python3.10/site-packages/franka_mujoco_controller/object_pushing_controller.py
/media/kai/Kai_Backup/Study/Master_Thesis/My_Master_Thesis/PD_with_object_franka_mujoco_ws/install/franka_mujoco_controller/lib/python3.10/site-packages/franka_mujoco_controller/test_pushing.py
/media/kai/Kai_Backup/Study/Master_Thesis/My_Master_Thesis/PD_with_object_franka_mujoco_ws/install/franka_mujoco_controller/lib/python3.10/site-packages/franka_mujoco_controller/mujoco_controller.py
/media/kai/Kai_Backup/Study/Master_Thesis/My_Master_Thesis/PD_with_object_franka_mujoco_ws/install/franka_mujoco_controller/lib/python3.10/site-packages/franka_mujoco_controller/manual_push_control.py
/media/kai/Kai_Backup/Study/Master_Thesis/My_Master_Thesis/PD_with_object_franka_mujoco_ws/install/franka_mujoco_controller/lib/python3.10/site-packages/franka_mujoco_controller/__pycache__/advanced_pd_controller.cpython-310.pyc
/media/kai/Kai_Backup/Study/Master_Thesis/My_Master_Thesis/PD_with_object_franka_mujoco_ws/install/franka_mujoco_controller/lib/python3.10/site-packages/franka_mujoco_controller/__pycache__/test_controllers.cpython-310.pyc
/media/kai/Kai_Backup/Study/Master_Thesis/My_Master_Thesis/PD_with_object_franka_mujoco_ws/install/franka_mujoco_controller/lib/python3.10/site-packages/franka_mujoco_controller/__pycache__/__init__.cpython-310.pyc
/media/kai/Kai_Backup/Study/Master_Thesis/My_Master_Thesis/PD_with_object_franka_mujoco_ws/install/franka_mujoco_controller/lib/python3.10/site-packages/franka_mujoco_controller/__pycache__/object_pushing_controller.cpython-310.pyc
/media/kai/Kai_Backup/Study/Master_Thesis/My_Master_Thesis/PD_with_object_franka_mujoco_ws/install/franka_mujoco_controller/lib/python3.10/site-packages/franka_mujoco_controller/__pycache__/test_pushing.cpython-310.pyc
/media/kai/Kai_Backup/Study/Master_Thesis/My_Master_Thesis/PD_with_object_franka_mujoco_ws/install/franka_mujoco_controller/lib/python3.10/site-packages/franka_mujoco_controller/__pycache__/mujoco_controller.cpython-310.pyc
/media/kai/Kai_Backup/Study/Master_Thesis/My_Master_Thesis/PD_with_object_franka_mujoco_ws/install/franka_mujoco_controller/lib/python3.10/site-packages/franka_mujoco_controller/__pycache__/manual_push_control.cpython-310.pyc
/media/kai/Kai_Backup/Study/Master_Thesis/My_Master_Thesis/PD_with_object_franka_mujoco_ws/install/franka_mujoco_controller/share/ament_index/resource_index/packages/franka_mujoco_controller
/media/kai/Kai_Backup/Study/Master_Thesis/My_Master_Thesis/PD_with_object_franka_mujoco_ws/install/franka_mujoco_controller/share/franka_mujoco_controller/package.xml
/media/kai/Kai_Backup/Study/Master_Thesis/My_Master_Thesis/PD_with_object_franka_mujoco_ws/install/franka_mujoco_controller/share/franka_mujoco_controller/launch/franka_mujoco.launch.py
/media/kai/Kai_Backup/Study/Master_Thesis/My_Master_Thesis/PD_with_object_franka_mujoco_ws/install/franka_mujoco_controller/share/franka_mujoco_controller/models/scene.xml
/media/kai/Kai_Backup/Study/Master_Thesis/My_Master_Thesis/PD_with_object_franka_mujoco_ws/install/franka_mujoco_controller/share/franka_mujoco_controller/models/fr3.xml
/media/kai/Kai_Backup/Study/Master_Thesis/My_Master_Thesis/PD_with_object_franka_mujoco_ws/install/franka_mujoco_controller/share/franka_mujoco_controller/models/meshes
/media/kai/Kai_Backup/Study/Master_Thesis/My_Master_Thesis/PD_with_object_franka_mujoco_ws/install/franka_mujoco_controller/share/franka_mujoco_controller/config
/media/kai/Kai_Backup/Study/Master_Thesis/My_Master_Thesis/PD_with_object_franka_mujoco_ws/install/franka_mujoco_controller/lib/python3.10/site-packages/franka_mujoco_controller-0.0.0-py3.10.egg-info/dependency_links.txt
/media/kai/Kai_Backup/Study/Master_Thesis/My_Master_Thesis/PD_with_object_franka_mujoco_ws/install/franka_mujoco_controller/lib/python3.10/site-packages/franka_mujoco_controller-0.0.0-py3.10.egg-info/entry_points.txt
/media/kai/Kai_Backup/Study/Master_Thesis/My_Master_Thesis/PD_with_object_franka_mujoco_ws/install/franka_mujoco_controller/lib/python3.10/site-packages/franka_mujoco_controller-0.0.0-py3.10.egg-info/requires.txt
/media/kai/Kai_Backup/Study/Master_Thesis/My_Master_Thesis/PD_with_object_franka_mujoco_ws/install/franka_mujoco_controller/lib/python3.10/site-packages/franka_mujoco_controller-0.0.0-py3.10.egg-info/PKG-INFO
/media/kai/Kai_Backup/Study/Master_Thesis/My_Master_Thesis/PD_with_object_franka_mujoco_ws/install/franka_mujoco_controller/lib/python3.10/site-packages/franka_mujoco_controller-0.0.0-py3.10.egg-info/zip-safe
/media/kai/Kai_Backup/Study/Master_Thesis/My_Master_Thesis/PD_with_object_franka_mujoco_ws/install/franka_mujoco_controller/lib/python3.10/site-packages/franka_mujoco_controller-0.0.0-py3.10.egg-info/SOURCES.txt
/media/kai/Kai_Backup/Study/Master_Thesis/My_Master_Thesis/PD_with_object_franka_mujoco_ws/install/franka_mujoco_controller/lib/python3.10/site-packages/franka_mujoco_controller-0.0.0-py3.10.egg-info/top_level.txt
/media/kai/Kai_Backup/Study/Master_Thesis/My_Master_Thesis/PD_with_object_franka_mujoco_ws/install/franka_mujoco_controller/lib/franka_mujoco_controller/advanced_pd_controller
/media/kai/Kai_Backup/Study/Master_Thesis/My_Master_Thesis/PD_with_object_franka_mujoco_ws/install/franka_mujoco_controller/lib/franka_mujoco_controller/mujoco_controller
/media/kai/Kai_Backup/Study/Master_Thesis/My_Master_Thesis/PD_with_object_franka_mujoco_ws/install/franka_mujoco_controller/lib/franka_mujoco_controller/object_pushing_controller
/media/kai/Kai_Backup/Study/Master_Thesis/My_Master_Thesis/PD_with_object_franka_mujoco_ws/install/franka_mujoco_controller/lib/franka_mujoco_controller/test_pushing
