[0.662s] Invoking command in '/media/kai/Kai_Backup/Master_Study/Practical_Project/Practical_Courses/Master_Thesis/Master_Study_Master_Thesis/fr3_mujoco_ws/src/franka_mujoco_controller': CONDA_PROMPT_MODIFIER=(master_thesis) PYTHONPATH=/media/kai/Kai_Backup/Master_Study/Practical_Project/Practical_Courses/Master_Thesis/Master_Study_Master_Thesis/fr3_mujoco_ws/build/franka_mujoco_controller/prefix_override:/usr/lib/python3/dist-packages/colcon_core/task/python/colcon_distutils_commands:/media/kai/Kai_Backup/Master_Study/Practical_Project/Practical_Courses/Master_Thesis/Master_Study_Master_Thesis/fr3_mujoco_ws/install/franka_mujoco_controller/lib/python3.10/site-packages:${PYTHONPATH} /usr/bin/python3 -W ignore:setup.py install is deprecated -W ignore:easy_install command is deprecated setup.py egg_info --egg-base ../../build/franka_mujoco_controller build --build-base /media/kai/Kai_Backup/Master_Study/Practical_Project/Practical_Courses/Master_Thesis/Master_Study_Master_Thesis/fr3_mujoco_ws/build/franka_mujoco_controller/build install --record /media/kai/Kai_Backup/Master_Study/Practical_Project/Practical_Courses/Master_Thesis/Master_Study_Master_Thesis/fr3_mujoco_ws/build/franka_mujoco_controller/install.log --single-version-externally-managed install_data
[0.921s] running egg_info
[0.922s] writing ../../build/franka_mujoco_controller/franka_mujoco_controller.egg-info/PKG-INFO
[0.922s] writing dependency_links to ../../build/franka_mujoco_controller/franka_mujoco_controller.egg-info/dependency_links.txt
[0.923s] writing entry points to ../../build/franka_mujoco_controller/franka_mujoco_controller.egg-info/entry_points.txt
[0.923s] writing requirements to ../../build/franka_mujoco_controller/franka_mujoco_controller.egg-info/requires.txt
[0.923s] writing top-level names to ../../build/franka_mujoco_controller/franka_mujoco_controller.egg-info/top_level.txt
[0.925s] reading manifest file '../../build/franka_mujoco_controller/franka_mujoco_controller.egg-info/SOURCES.txt'
[0.927s] writing manifest file '../../build/franka_mujoco_controller/franka_mujoco_controller.egg-info/SOURCES.txt'
[0.927s] running build
[0.927s] running build_py
[0.927s] running install
[0.928s] running install_lib
[0.929s] running install_data
[0.929s] running install_egg_info
[0.931s] removing '/media/kai/Kai_Backup/Master_Study/Practical_Project/Practical_Courses/Master_Thesis/Master_Study_Master_Thesis/fr3_mujoco_ws/install/franka_mujoco_controller/lib/python3.10/site-packages/franka_mujoco_controller-0.0.0-py3.10.egg-info' (and everything under it)
[0.932s] Copying ../../build/franka_mujoco_controller/franka_mujoco_controller.egg-info to /media/kai/Kai_Backup/Master_Study/Practical_Project/Practical_Courses/Master_Thesis/Master_Study_Master_Thesis/fr3_mujoco_ws/install/franka_mujoco_controller/lib/python3.10/site-packages/franka_mujoco_controller-0.0.0-py3.10.egg-info
[0.933s] running install_scripts
[0.953s] Installing franka_env script to /media/kai/Kai_Backup/Master_Study/Practical_Project/Practical_Courses/Master_Thesis/Master_Study_Master_Thesis/fr3_mujoco_ws/install/franka_mujoco_controller/lib/franka_mujoco_controller
[0.954s] Installing inverse_kinematics script to /media/kai/Kai_Backup/Master_Study/Practical_Project/Practical_Courses/Master_Thesis/Master_Study_Master_Thesis/fr3_mujoco_ws/install/franka_mujoco_controller/lib/franka_mujoco_controller
[0.954s] Installing mujoco_controller script to /media/kai/Kai_Backup/Master_Study/Practical_Project/Practical_Courses/Master_Thesis/Master_Study_Master_Thesis/fr3_mujoco_ws/install/franka_mujoco_controller/lib/franka_mujoco_controller
[0.954s] writing list of installed files to '/media/kai/Kai_Backup/Master_Study/Practical_Project/Practical_Courses/Master_Thesis/Master_Study_Master_Thesis/fr3_mujoco_ws/build/franka_mujoco_controller/install.log'
[0.973s] Invoked command in '/media/kai/Kai_Backup/Master_Study/Practical_Project/Practical_Courses/Master_Thesis/Master_Study_Master_Thesis/fr3_mujoco_ws/src/franka_mujoco_controller' returned '0': CONDA_PROMPT_MODIFIER=(master_thesis) PYTHONPATH=/media/kai/Kai_Backup/Master_Study/Practical_Project/Practical_Courses/Master_Thesis/Master_Study_Master_Thesis/fr3_mujoco_ws/build/franka_mujoco_controller/prefix_override:/usr/lib/python3/dist-packages/colcon_core/task/python/colcon_distutils_commands:/media/kai/Kai_Backup/Master_Study/Practical_Project/Practical_Courses/Master_Thesis/Master_Study_Master_Thesis/fr3_mujoco_ws/install/franka_mujoco_controller/lib/python3.10/site-packages:${PYTHONPATH} /usr/bin/python3 -W ignore:setup.py install is deprecated -W ignore:easy_install command is deprecated setup.py egg_info --egg-base ../../build/franka_mujoco_controller build --build-base /media/kai/Kai_Backup/Master_Study/Practical_Project/Practical_Courses/Master_Thesis/Master_Study_Master_Thesis/fr3_mujoco_ws/build/franka_mujoco_controller/build install --record /media/kai/Kai_Backup/Master_Study/Practical_Project/Practical_Courses/Master_Thesis/Master_Study_Master_Thesis/fr3_mujoco_ws/build/franka_mujoco_controller/install.log --single-version-externally-managed install_data
