[0.801s] Invoking command in '/media/kai/Kai_Backup/Master_Study/Master_Thesis/Master_Study_Master_Thesis/rl_remote_ws/src/rl_remote_controller': CONDA_PROMPT_MODIFIER=(master_thesis) PYTHONPATH=/media/kai/Kai_Backup/Master_Study/Master_Thesis/Master_Study_Master_Thesis/rl_remote_ws/build/rl_remote_controller/prefix_override:/usr/lib/python3/dist-packages/colcon_core/task/python/colcon_distutils_commands:/media/kai/Kai_Backup/Master_Study/Master_Thesis/Master_Study_Master_Thesis/rl_remote_ws/install/rl_remote_controller/lib/python3.10/site-packages:${PYTHONPATH} /usr/bin/python3 -W ignore:setup.py install is deprecated -W ignore:easy_install command is deprecated setup.py egg_info --egg-base ../../build/rl_remote_controller build --build-base /media/kai/Kai_Backup/Master_Study/Master_Thesis/Master_Study_Master_Thesis/rl_remote_ws/build/rl_remote_controller/build install --record /media/kai/Kai_Backup/Master_Study/Master_Thesis/Master_Study_Master_Thesis/rl_remote_ws/build/rl_remote_controller/install.log --single-version-externally-managed install_data
[0.954s] /home/kai/anaconda3/envs/master_thesis/lib/python3.10/site-packages/setuptools/_distutils/dist.py:289: UserWarning: Unknown distribution option: 'tests_require'
[0.954s]   warnings.warn(msg)
[1.060s] running egg_info
[1.075s] writing ../../build/rl_remote_controller/rl_remote_controller.egg-info/PKG-INFO
[1.076s] writing dependency_links to ../../build/rl_remote_controller/rl_remote_controller.egg-info/dependency_links.txt
[1.076s] writing entry points to ../../build/rl_remote_controller/rl_remote_controller.egg-info/entry_points.txt
[1.076s] writing requirements to ../../build/rl_remote_controller/rl_remote_controller.egg-info/requires.txt
[1.076s] writing top-level names to ../../build/rl_remote_controller/rl_remote_controller.egg-info/top_level.txt
[1.109s] reading manifest file '../../build/rl_remote_controller/rl_remote_controller.egg-info/SOURCES.txt'
[1.112s] writing manifest file '../../build/rl_remote_controller/rl_remote_controller.egg-info/SOURCES.txt'
[1.112s] running build
[1.112s] running build_py
[1.112s] copying rl_remote_controller/rl_remote.py -> /media/kai/Kai_Backup/Master_Study/Master_Thesis/Master_Study_Master_Thesis/rl_remote_ws/build/rl_remote_controller/build/lib/rl_remote_controller
[1.113s] copying rl_remote_controller/local.py -> /media/kai/Kai_Backup/Master_Study/Master_Thesis/Master_Study_Master_Thesis/rl_remote_ws/build/rl_remote_controller/build/lib/rl_remote_controller
[1.113s] copying rl_remote_controller/rl_training.py -> /media/kai/Kai_Backup/Master_Study/Master_Thesis/Master_Study_Master_Thesis/rl_remote_ws/build/rl_remote_controller/build/lib/rl_remote_controller
[1.113s] copying rl_remote_controller/__init__.py -> /media/kai/Kai_Backup/Master_Study/Master_Thesis/Master_Study_Master_Thesis/rl_remote_ws/build/rl_remote_controller/build/lib/rl_remote_controller
[1.113s] running install
[1.121s] running install_lib
[1.140s] running install_data
[1.140s] copying resource/rl_remote_controller -> /media/kai/Kai_Backup/Master_Study/Master_Thesis/Master_Study_Master_Thesis/rl_remote_ws/install/rl_remote_controller/share/ament_index/resource_index/packages
[1.140s] copying package.xml -> /media/kai/Kai_Backup/Master_Study/Master_Thesis/Master_Study_Master_Thesis/rl_remote_ws/install/rl_remote_controller/share/rl_remote_controller
[1.140s] copying launch/rl_teleoperation.launch.py -> /media/kai/Kai_Backup/Master_Study/Master_Thesis/Master_Study_Master_Thesis/rl_remote_ws/install/rl_remote_controller/share/rl_remote_controller/launch
[1.140s] running install_egg_info
[1.158s] removing '/media/kai/Kai_Backup/Master_Study/Master_Thesis/Master_Study_Master_Thesis/rl_remote_ws/install/rl_remote_controller/lib/python3.10/site-packages/rl_remote_controller-0.0.1-py3.10.egg-info' (and everything under it)
[1.158s] Copying ../../build/rl_remote_controller/rl_remote_controller.egg-info to /media/kai/Kai_Backup/Master_Study/Master_Thesis/Master_Study_Master_Thesis/rl_remote_ws/install/rl_remote_controller/lib/python3.10/site-packages/rl_remote_controller-0.0.1-py3.10.egg-info
[1.159s] running install_scripts
[1.299s] Installing local script to /media/kai/Kai_Backup/Master_Study/Master_Thesis/Master_Study_Master_Thesis/rl_remote_ws/install/rl_remote_controller/bin
[1.299s] Installing rl_remote script to /media/kai/Kai_Backup/Master_Study/Master_Thesis/Master_Study_Master_Thesis/rl_remote_ws/install/rl_remote_controller/bin
[1.299s] Installing rl_training script to /media/kai/Kai_Backup/Master_Study/Master_Thesis/Master_Study_Master_Thesis/rl_remote_ws/install/rl_remote_controller/bin
[1.299s] writing list of installed files to '/media/kai/Kai_Backup/Master_Study/Master_Thesis/Master_Study_Master_Thesis/rl_remote_ws/build/rl_remote_controller/install.log'
[1.324s] Invoked command in '/media/kai/Kai_Backup/Master_Study/Master_Thesis/Master_Study_Master_Thesis/rl_remote_ws/src/rl_remote_controller' returned '0': CONDA_PROMPT_MODIFIER=(master_thesis) PYTHONPATH=/media/kai/Kai_Backup/Master_Study/Master_Thesis/Master_Study_Master_Thesis/rl_remote_ws/build/rl_remote_controller/prefix_override:/usr/lib/python3/dist-packages/colcon_core/task/python/colcon_distutils_commands:/media/kai/Kai_Backup/Master_Study/Master_Thesis/Master_Study_Master_Thesis/rl_remote_ws/install/rl_remote_controller/lib/python3.10/site-packages:${PYTHONPATH} /usr/bin/python3 -W ignore:setup.py install is deprecated -W ignore:easy_install command is deprecated setup.py egg_info --egg-base ../../build/rl_remote_controller build --build-base /media/kai/Kai_Backup/Master_Study/Master_Thesis/Master_Study_Master_Thesis/rl_remote_ws/build/rl_remote_controller/build install --record /media/kai/Kai_Backup/Master_Study/Master_Thesis/Master_Study_Master_Thesis/rl_remote_ws/build/rl_remote_controller/install.log --single-version-externally-managed install_data
