[0.524s] Invoking command in '/media/kai/Kai_Backup/Study/Master_Thesis/My_Master_Thesis/PD_with_object_franka_mujoco_ws/src/franka_mujoco_controller': PYTHONPATH=/media/kai/Kai_Backup/Study/Master_Thesis/My_Master_Thesis/PD_with_object_franka_mujoco_ws/build/franka_mujoco_controller/prefix_override:/usr/lib/python3/dist-packages/colcon_core/task/python/colcon_distutils_commands:/media/kai/Kai_Backup/Study/Master_Thesis/My_Master_Thesis/PD_with_object_franka_mujoco_ws/install/franka_mujoco_controller/lib/python3.10/site-packages:${PYTHONPATH} /usr/bin/python3 -W ignore:setup.py install is deprecated -W ignore:easy_install command is deprecated setup.py egg_info --egg-base ../../build/franka_mujoco_controller build --build-base /media/kai/Kai_Backup/Study/Master_Thesis/My_Master_Thesis/PD_with_object_franka_mujoco_ws/build/franka_mujoco_controller/build install --record /media/kai/Kai_Backup/Study/Master_Thesis/My_Master_Thesis/PD_with_object_franka_mujoco_ws/build/franka_mujoco_controller/install.log --single-version-externally-managed install_data
[0.730s] running egg_info
[0.731s] creating ../../build/franka_mujoco_controller/franka_mujoco_controller.egg-info
[0.731s] writing ../../build/franka_mujoco_controller/franka_mujoco_controller.egg-info/PKG-INFO
[0.731s] writing dependency_links to ../../build/franka_mujoco_controller/franka_mujoco_controller.egg-info/dependency_links.txt
[0.731s] writing entry points to ../../build/franka_mujoco_controller/franka_mujoco_controller.egg-info/entry_points.txt
[0.732s] writing requirements to ../../build/franka_mujoco_controller/franka_mujoco_controller.egg-info/requires.txt
[0.732s] writing top-level names to ../../build/franka_mujoco_controller/franka_mujoco_controller.egg-info/top_level.txt
[0.732s] writing manifest file '../../build/franka_mujoco_controller/franka_mujoco_controller.egg-info/SOURCES.txt'
[0.733s] reading manifest file '../../build/franka_mujoco_controller/franka_mujoco_controller.egg-info/SOURCES.txt'
[0.734s] writing manifest file '../../build/franka_mujoco_controller/franka_mujoco_controller.egg-info/SOURCES.txt'
[0.734s] running build
[0.734s] running build_py
[0.734s] creating /media/kai/Kai_Backup/Study/Master_Thesis/My_Master_Thesis/PD_with_object_franka_mujoco_ws/build/franka_mujoco_controller/build
[0.735s] creating /media/kai/Kai_Backup/Study/Master_Thesis/My_Master_Thesis/PD_with_object_franka_mujoco_ws/build/franka_mujoco_controller/build/lib
[0.735s] creating /media/kai/Kai_Backup/Study/Master_Thesis/My_Master_Thesis/PD_with_object_franka_mujoco_ws/build/franka_mujoco_controller/build/lib/franka_mujoco_controller
[0.735s] copying franka_mujoco_controller/advanced_pd_controller.py -> /media/kai/Kai_Backup/Study/Master_Thesis/My_Master_Thesis/PD_with_object_franka_mujoco_ws/build/franka_mujoco_controller/build/lib/franka_mujoco_controller
[0.735s] copying franka_mujoco_controller/test_controllers.py -> /media/kai/Kai_Backup/Study/Master_Thesis/My_Master_Thesis/PD_with_object_franka_mujoco_ws/build/franka_mujoco_controller/build/lib/franka_mujoco_controller
[0.735s] copying franka_mujoco_controller/__init__.py -> /media/kai/Kai_Backup/Study/Master_Thesis/My_Master_Thesis/PD_with_object_franka_mujoco_ws/build/franka_mujoco_controller/build/lib/franka_mujoco_controller
[0.735s] copying franka_mujoco_controller/object_pushing_controller.py -> /media/kai/Kai_Backup/Study/Master_Thesis/My_Master_Thesis/PD_with_object_franka_mujoco_ws/build/franka_mujoco_controller/build/lib/franka_mujoco_controller
[0.735s] copying franka_mujoco_controller/test_pushing.py -> /media/kai/Kai_Backup/Study/Master_Thesis/My_Master_Thesis/PD_with_object_franka_mujoco_ws/build/franka_mujoco_controller/build/lib/franka_mujoco_controller
[0.735s] copying franka_mujoco_controller/mujoco_controller.py -> /media/kai/Kai_Backup/Study/Master_Thesis/My_Master_Thesis/PD_with_object_franka_mujoco_ws/build/franka_mujoco_controller/build/lib/franka_mujoco_controller
[0.735s] copying franka_mujoco_controller/manual_push_control.py -> /media/kai/Kai_Backup/Study/Master_Thesis/My_Master_Thesis/PD_with_object_franka_mujoco_ws/build/franka_mujoco_controller/build/lib/franka_mujoco_controller
[0.735s] running install
[0.736s] running install_lib
[0.736s] creating /media/kai/Kai_Backup/Study/Master_Thesis/My_Master_Thesis/PD_with_object_franka_mujoco_ws/install/franka_mujoco_controller/lib/python3.10/site-packages/franka_mujoco_controller
[0.736s] copying /media/kai/Kai_Backup/Study/Master_Thesis/My_Master_Thesis/PD_with_object_franka_mujoco_ws/build/franka_mujoco_controller/build/lib/franka_mujoco_controller/advanced_pd_controller.py -> /media/kai/Kai_Backup/Study/Master_Thesis/My_Master_Thesis/PD_with_object_franka_mujoco_ws/install/franka_mujoco_controller/lib/python3.10/site-packages/franka_mujoco_controller
[0.736s] copying /media/kai/Kai_Backup/Study/Master_Thesis/My_Master_Thesis/PD_with_object_franka_mujoco_ws/build/franka_mujoco_controller/build/lib/franka_mujoco_controller/test_controllers.py -> /media/kai/Kai_Backup/Study/Master_Thesis/My_Master_Thesis/PD_with_object_franka_mujoco_ws/install/franka_mujoco_controller/lib/python3.10/site-packages/franka_mujoco_controller
[0.736s] copying /media/kai/Kai_Backup/Study/Master_Thesis/My_Master_Thesis/PD_with_object_franka_mujoco_ws/build/franka_mujoco_controller/build/lib/franka_mujoco_controller/__init__.py -> /media/kai/Kai_Backup/Study/Master_Thesis/My_Master_Thesis/PD_with_object_franka_mujoco_ws/install/franka_mujoco_controller/lib/python3.10/site-packages/franka_mujoco_controller
[0.737s] copying /media/kai/Kai_Backup/Study/Master_Thesis/My_Master_Thesis/PD_with_object_franka_mujoco_ws/build/franka_mujoco_controller/build/lib/franka_mujoco_controller/object_pushing_controller.py -> /media/kai/Kai_Backup/Study/Master_Thesis/My_Master_Thesis/PD_with_object_franka_mujoco_ws/install/franka_mujoco_controller/lib/python3.10/site-packages/franka_mujoco_controller
[0.737s] copying /media/kai/Kai_Backup/Study/Master_Thesis/My_Master_Thesis/PD_with_object_franka_mujoco_ws/build/franka_mujoco_controller/build/lib/franka_mujoco_controller/test_pushing.py -> /media/kai/Kai_Backup/Study/Master_Thesis/My_Master_Thesis/PD_with_object_franka_mujoco_ws/install/franka_mujoco_controller/lib/python3.10/site-packages/franka_mujoco_controller
[0.737s] copying /media/kai/Kai_Backup/Study/Master_Thesis/My_Master_Thesis/PD_with_object_franka_mujoco_ws/build/franka_mujoco_controller/build/lib/franka_mujoco_controller/mujoco_controller.py -> /media/kai/Kai_Backup/Study/Master_Thesis/My_Master_Thesis/PD_with_object_franka_mujoco_ws/install/franka_mujoco_controller/lib/python3.10/site-packages/franka_mujoco_controller
[0.737s] copying /media/kai/Kai_Backup/Study/Master_Thesis/My_Master_Thesis/PD_with_object_franka_mujoco_ws/build/franka_mujoco_controller/build/lib/franka_mujoco_controller/manual_push_control.py -> /media/kai/Kai_Backup/Study/Master_Thesis/My_Master_Thesis/PD_with_object_franka_mujoco_ws/install/franka_mujoco_controller/lib/python3.10/site-packages/franka_mujoco_controller
[0.737s] byte-compiling /media/kai/Kai_Backup/Study/Master_Thesis/My_Master_Thesis/PD_with_object_franka_mujoco_ws/install/franka_mujoco_controller/lib/python3.10/site-packages/franka_mujoco_controller/advanced_pd_controller.py to advanced_pd_controller.cpython-310.pyc
[0.739s] byte-compiling /media/kai/Kai_Backup/Study/Master_Thesis/My_Master_Thesis/PD_with_object_franka_mujoco_ws/install/franka_mujoco_controller/lib/python3.10/site-packages/franka_mujoco_controller/test_controllers.py to test_controllers.cpython-310.pyc
[0.739s] byte-compiling /media/kai/Kai_Backup/Study/Master_Thesis/My_Master_Thesis/PD_with_object_franka_mujoco_ws/install/franka_mujoco_controller/lib/python3.10/site-packages/franka_mujoco_controller/__init__.py to __init__.cpython-310.pyc
[0.740s] byte-compiling /media/kai/Kai_Backup/Study/Master_Thesis/My_Master_Thesis/PD_with_object_franka_mujoco_ws/install/franka_mujoco_controller/lib/python3.10/site-packages/franka_mujoco_controller/object_pushing_controller.py to object_pushing_controller.cpython-310.pyc
[0.742s] byte-compiling /media/kai/Kai_Backup/Study/Master_Thesis/My_Master_Thesis/PD_with_object_franka_mujoco_ws/install/franka_mujoco_controller/lib/python3.10/site-packages/franka_mujoco_controller/test_pushing.py to test_pushing.cpython-310.pyc
[0.743s] byte-compiling /media/kai/Kai_Backup/Study/Master_Thesis/My_Master_Thesis/PD_with_object_franka_mujoco_ws/install/franka_mujoco_controller/lib/python3.10/site-packages/franka_mujoco_controller/mujoco_controller.py to mujoco_controller.cpython-310.pyc
[0.744s] byte-compiling /media/kai/Kai_Backup/Study/Master_Thesis/My_Master_Thesis/PD_with_object_franka_mujoco_ws/install/franka_mujoco_controller/lib/python3.10/site-packages/franka_mujoco_controller/manual_push_control.py to manual_push_control.cpython-310.pyc
[0.744s] running install_data
[0.744s]   File "/media/kai/Kai_Backup/Study/Master_Thesis/My_Master_Thesis/PD_with_object_franka_mujoco_ws/install/franka_mujoco_controller/lib/python3.10/site-packages/franka_mujoco_controller/manual_push_control.py", line 45
[0.744s]     self.get_logger().info('# Object Pushing PD Controller for Franka FR3
[0.744s]                            ^
[0.744s] SyntaxError: unterminated string literal (detected at line 45)
[0.745s] 
[0.745s] creating /media/kai/Kai_Backup/Study/Master_Thesis/My_Master_Thesis/PD_with_object_franka_mujoco_ws/install/franka_mujoco_controller/share/ament_index
[0.745s] creating /media/kai/Kai_Backup/Study/Master_Thesis/My_Master_Thesis/PD_with_object_franka_mujoco_ws/install/franka_mujoco_controller/share/ament_index/resource_index
[0.745s] creating /media/kai/Kai_Backup/Study/Master_Thesis/My_Master_Thesis/PD_with_object_franka_mujoco_ws/install/franka_mujoco_controller/share/ament_index/resource_index/packages
[0.745s] copying resource/franka_mujoco_controller -> /media/kai/Kai_Backup/Study/Master_Thesis/My_Master_Thesis/PD_with_object_franka_mujoco_ws/install/franka_mujoco_controller/share/ament_index/resource_index/packages
[0.745s] copying package.xml -> /media/kai/Kai_Backup/Study/Master_Thesis/My_Master_Thesis/PD_with_object_franka_mujoco_ws/install/franka_mujoco_controller/share/franka_mujoco_controller
[0.745s] creating /media/kai/Kai_Backup/Study/Master_Thesis/My_Master_Thesis/PD_with_object_franka_mujoco_ws/install/franka_mujoco_controller/share/franka_mujoco_controller/launch
[0.745s] copying launch/franka_mujoco.launch.py -> /media/kai/Kai_Backup/Study/Master_Thesis/My_Master_Thesis/PD_with_object_franka_mujoco_ws/install/franka_mujoco_controller/share/franka_mujoco_controller/launch
[0.745s] creating /media/kai/Kai_Backup/Study/Master_Thesis/My_Master_Thesis/PD_with_object_franka_mujoco_ws/install/franka_mujoco_controller/share/franka_mujoco_controller/models
[0.745s] copying models/scene.xml -> /media/kai/Kai_Backup/Study/Master_Thesis/My_Master_Thesis/PD_with_object_franka_mujoco_ws/install/franka_mujoco_controller/share/franka_mujoco_controller/models
[0.745s] copying models/fr3.xml -> /media/kai/Kai_Backup/Study/Master_Thesis/My_Master_Thesis/PD_with_object_franka_mujoco_ws/install/franka_mujoco_controller/share/franka_mujoco_controller/models
[0.745s] creating /media/kai/Kai_Backup/Study/Master_Thesis/My_Master_Thesis/PD_with_object_franka_mujoco_ws/install/franka_mujoco_controller/share/franka_mujoco_controller/models/meshes
[0.745s] creating /media/kai/Kai_Backup/Study/Master_Thesis/My_Master_Thesis/PD_with_object_franka_mujoco_ws/install/franka_mujoco_controller/share/franka_mujoco_controller/config
[0.745s] running install_egg_info
[0.746s] Copying ../../build/franka_mujoco_controller/franka_mujoco_controller.egg-info to /media/kai/Kai_Backup/Study/Master_Thesis/My_Master_Thesis/PD_with_object_franka_mujoco_ws/install/franka_mujoco_controller/lib/python3.10/site-packages/franka_mujoco_controller-0.0.0-py3.10.egg-info
[0.747s] running install_scripts
[0.764s] Installing advanced_pd_controller script to /media/kai/Kai_Backup/Study/Master_Thesis/My_Master_Thesis/PD_with_object_franka_mujoco_ws/install/franka_mujoco_controller/lib/franka_mujoco_controller
[0.764s] Installing mujoco_controller script to /media/kai/Kai_Backup/Study/Master_Thesis/My_Master_Thesis/PD_with_object_franka_mujoco_ws/install/franka_mujoco_controller/lib/franka_mujoco_controller
[0.764s] Installing object_pushing_controller script to /media/kai/Kai_Backup/Study/Master_Thesis/My_Master_Thesis/PD_with_object_franka_mujoco_ws/install/franka_mujoco_controller/lib/franka_mujoco_controller
[0.764s] Installing test_pushing script to /media/kai/Kai_Backup/Study/Master_Thesis/My_Master_Thesis/PD_with_object_franka_mujoco_ws/install/franka_mujoco_controller/lib/franka_mujoco_controller
[0.764s] writing list of installed files to '/media/kai/Kai_Backup/Study/Master_Thesis/My_Master_Thesis/PD_with_object_franka_mujoco_ws/build/franka_mujoco_controller/install.log'
[0.780s] Invoked command in '/media/kai/Kai_Backup/Study/Master_Thesis/My_Master_Thesis/PD_with_object_franka_mujoco_ws/src/franka_mujoco_controller' returned '0': PYTHONPATH=/media/kai/Kai_Backup/Study/Master_Thesis/My_Master_Thesis/PD_with_object_franka_mujoco_ws/build/franka_mujoco_controller/prefix_override:/usr/lib/python3/dist-packages/colcon_core/task/python/colcon_distutils_commands:/media/kai/Kai_Backup/Study/Master_Thesis/My_Master_Thesis/PD_with_object_franka_mujoco_ws/install/franka_mujoco_controller/lib/python3.10/site-packages:${PYTHONPATH} /usr/bin/python3 -W ignore:setup.py install is deprecated -W ignore:easy_install command is deprecated setup.py egg_info --egg-base ../../build/franka_mujoco_controller build --build-base /media/kai/Kai_Backup/Study/Master_Thesis/My_Master_Thesis/PD_with_object_franka_mujoco_ws/build/franka_mujoco_controller/build install --record /media/kai/Kai_Backup/Study/Master_Thesis/My_Master_Thesis/PD_with_object_franka_mujoco_ws/build/franka_mujoco_controller/install.log --single-version-externally-managed install_data
