running egg_info
creating ../../build/franka_mujoco_controller/franka_mujoco_controller.egg-info
writing ../../build/franka_mujoco_controller/franka_mujoco_controller.egg-info/PKG-INFO
writing dependency_links to ../../build/franka_mujoco_controller/franka_mujoco_controller.egg-info/dependency_links.txt
writing entry points to ../../build/franka_mujoco_controller/franka_mujoco_controller.egg-info/entry_points.txt
writing requirements to ../../build/franka_mujoco_controller/franka_mujoco_controller.egg-info/requires.txt
writing top-level names to ../../build/franka_mujoco_controller/franka_mujoco_controller.egg-info/top_level.txt
writing manifest file '../../build/franka_mujoco_controller/franka_mujoco_controller.egg-info/SOURCES.txt'
reading manifest file '../../build/franka_mujoco_controller/franka_mujoco_controller.egg-info/SOURCES.txt'
writing manifest file '../../build/franka_mujoco_controller/franka_mujoco_controller.egg-info/SOURCES.txt'
running build
running build_py
creating /media/kai/Kai_Backup/Master_Study/Practical_Project/Practical_Courses/Master_Thesis/Master_Study_Master_Thesis/fr3_mujoco_ws/build/franka_mujoco_controller/build
creating /media/kai/Kai_Backup/Master_Study/Practical_Project/Practical_Courses/Master_Thesis/Master_Study_Master_Thesis/fr3_mujoco_ws/build/franka_mujoco_controller/build/lib
creating /media/kai/Kai_Backup/Master_Study/Practical_Project/Practical_Courses/Master_Thesis/Master_Study_Master_Thesis/fr3_mujoco_ws/build/franka_mujoco_controller/build/lib/franka_mujoco_controller
copying franka_mujoco_controller/inverse_kinematics.py -> /media/kai/Kai_Backup/Master_Study/Practical_Project/Practical_Courses/Master_Thesis/Master_Study_Master_Thesis/fr3_mujoco_ws/build/franka_mujoco_controller/build/lib/franka_mujoco_controller
copying franka_mujoco_controller/__init__.py -> /media/kai/Kai_Backup/Master_Study/Practical_Project/Practical_Courses/Master_Thesis/Master_Study_Master_Thesis/fr3_mujoco_ws/build/franka_mujoco_controller/build/lib/franka_mujoco_controller
copying franka_mujoco_controller/test_pushing.py -> /media/kai/Kai_Backup/Master_Study/Practical_Project/Practical_Courses/Master_Thesis/Master_Study_Master_Thesis/fr3_mujoco_ws/build/franka_mujoco_controller/build/lib/franka_mujoco_controller
copying franka_mujoco_controller/mujoco_controller.py -> /media/kai/Kai_Backup/Master_Study/Practical_Project/Practical_Courses/Master_Thesis/Master_Study_Master_Thesis/fr3_mujoco_ws/build/franka_mujoco_controller/build/lib/franka_mujoco_controller
running install
running install_lib
creating /media/kai/Kai_Backup/Master_Study/Practical_Project/Practical_Courses/Master_Thesis/Master_Study_Master_Thesis/fr3_mujoco_ws/install/franka_mujoco_controller/lib/python3.10/site-packages/franka_mujoco_controller
copying /media/kai/Kai_Backup/Master_Study/Practical_Project/Practical_Courses/Master_Thesis/Master_Study_Master_Thesis/fr3_mujoco_ws/build/franka_mujoco_controller/build/lib/franka_mujoco_controller/inverse_kinematics.py -> /media/kai/Kai_Backup/Master_Study/Practical_Project/Practical_Courses/Master_Thesis/Master_Study_Master_Thesis/fr3_mujoco_ws/install/franka_mujoco_controller/lib/python3.10/site-packages/franka_mujoco_controller
copying /media/kai/Kai_Backup/Master_Study/Practical_Project/Practical_Courses/Master_Thesis/Master_Study_Master_Thesis/fr3_mujoco_ws/build/franka_mujoco_controller/build/lib/franka_mujoco_controller/__init__.py -> /media/kai/Kai_Backup/Master_Study/Practical_Project/Practical_Courses/Master_Thesis/Master_Study_Master_Thesis/fr3_mujoco_ws/install/franka_mujoco_controller/lib/python3.10/site-packages/franka_mujoco_controller
copying /media/kai/Kai_Backup/Master_Study/Practical_Project/Practical_Courses/Master_Thesis/Master_Study_Master_Thesis/fr3_mujoco_ws/build/franka_mujoco_controller/build/lib/franka_mujoco_controller/test_pushing.py -> /media/kai/Kai_Backup/Master_Study/Practical_Project/Practical_Courses/Master_Thesis/Master_Study_Master_Thesis/fr3_mujoco_ws/install/franka_mujoco_controller/lib/python3.10/site-packages/franka_mujoco_controller
copying /media/kai/Kai_Backup/Master_Study/Practical_Project/Practical_Courses/Master_Thesis/Master_Study_Master_Thesis/fr3_mujoco_ws/build/franka_mujoco_controller/build/lib/franka_mujoco_controller/mujoco_controller.py -> /media/kai/Kai_Backup/Master_Study/Practical_Project/Practical_Courses/Master_Thesis/Master_Study_Master_Thesis/fr3_mujoco_ws/install/franka_mujoco_controller/lib/python3.10/site-packages/franka_mujoco_controller
byte-compiling /media/kai/Kai_Backup/Master_Study/Practical_Project/Practical_Courses/Master_Thesis/Master_Study_Master_Thesis/fr3_mujoco_ws/install/franka_mujoco_controller/lib/python3.10/site-packages/franka_mujoco_controller/inverse_kinematics.py to inverse_kinematics.cpython-310.pyc
byte-compiling /media/kai/Kai_Backup/Master_Study/Practical_Project/Practical_Courses/Master_Thesis/Master_Study_Master_Thesis/fr3_mujoco_ws/install/franka_mujoco_controller/lib/python3.10/site-packages/franka_mujoco_controller/__init__.py to __init__.cpython-310.pyc
byte-compiling /media/kai/Kai_Backup/Master_Study/Practical_Project/Practical_Courses/Master_Thesis/Master_Study_Master_Thesis/fr3_mujoco_ws/install/franka_mujoco_controller/lib/python3.10/site-packages/franka_mujoco_controller/test_pushing.py to test_pushing.cpython-310.pyc
byte-compiling /media/kai/Kai_Backup/Master_Study/Practical_Project/Practical_Courses/Master_Thesis/Master_Study_Master_Thesis/fr3_mujoco_ws/install/franka_mujoco_controller/lib/python3.10/site-packages/franka_mujoco_controller/mujoco_controller.py to mujoco_controller.cpython-310.pyc
running install_data
creating /media/kai/Kai_Backup/Master_Study/Practical_Project/Practical_Courses/Master_Thesis/Master_Study_Master_Thesis/fr3_mujoco_ws/install/franka_mujoco_controller/share/ament_index
creating /media/kai/Kai_Backup/Master_Study/Practical_Project/Practical_Courses/Master_Thesis/Master_Study_Master_Thesis/fr3_mujoco_ws/install/franka_mujoco_controller/share/ament_index/resource_index
creating /media/kai/Kai_Backup/Master_Study/Practical_Project/Practical_Courses/Master_Thesis/Master_Study_Master_Thesis/fr3_mujoco_ws/install/franka_mujoco_controller/share/ament_index/resource_index/packages
copying resource/franka_mujoco_controller -> /media/kai/Kai_Backup/Master_Study/Practical_Project/Practical_Courses/Master_Thesis/Master_Study_Master_Thesis/fr3_mujoco_ws/install/franka_mujoco_controller/share/ament_index/resource_index/packages
copying package.xml -> /media/kai/Kai_Backup/Master_Study/Practical_Project/Practical_Courses/Master_Thesis/Master_Study_Master_Thesis/fr3_mujoco_ws/install/franka_mujoco_controller/share/franka_mujoco_controller
creating /media/kai/Kai_Backup/Master_Study/Practical_Project/Practical_Courses/Master_Thesis/Master_Study_Master_Thesis/fr3_mujoco_ws/install/franka_mujoco_controller/share/franka_mujoco_controller/launch
creating /media/kai/Kai_Backup/Master_Study/Practical_Project/Practical_Courses/Master_Thesis/Master_Study_Master_Thesis/fr3_mujoco_ws/install/franka_mujoco_controller/share/franka_mujoco_controller/models
copying models/scene.xml -> /media/kai/Kai_Backup/Master_Study/Practical_Project/Practical_Courses/Master_Thesis/Master_Study_Master_Thesis/fr3_mujoco_ws/install/franka_mujoco_controller/share/franka_mujoco_controller/models
copying models/fr3.xml -> /media/kai/Kai_Backup/Master_Study/Practical_Project/Practical_Courses/Master_Thesis/Master_Study_Master_Thesis/fr3_mujoco_ws/install/franka_mujoco_controller/share/franka_mujoco_controller/models
creating /media/kai/Kai_Backup/Master_Study/Practical_Project/Practical_Courses/Master_Thesis/Master_Study_Master_Thesis/fr3_mujoco_ws/install/franka_mujoco_controller/share/franka_mujoco_controller/models/meshes
creating /media/kai/Kai_Backup/Master_Study/Practical_Project/Practical_Courses/Master_Thesis/Master_Study_Master_Thesis/fr3_mujoco_ws/install/franka_mujoco_controller/share/franka_mujoco_controller/config
running install_egg_info
Copying ../../build/franka_mujoco_controller/franka_mujoco_controller.egg-info to /media/kai/Kai_Backup/Master_Study/Practical_Project/Practical_Courses/Master_Thesis/Master_Study_Master_Thesis/fr3_mujoco_ws/install/franka_mujoco_controller/lib/python3.10/site-packages/franka_mujoco_controller-0.0.0-py3.10.egg-info
running install_scripts
Installing inverse_kinematics = franka_mujoco_controller.inverse_kinematics:mainfranka_env script to /media/kai/Kai_Backup/Master_Study/Practical_Project/Practical_Courses/Master_Thesis/Master_Study_Master_Thesis/fr3_mujoco_ws/install/franka_mujoco_controller/lib/franka_mujoco_controller
Installing mujoco_controller script to /media/kai/Kai_Backup/Master_Study/Practical_Project/Practical_Courses/Master_Thesis/Master_Study_Master_Thesis/fr3_mujoco_ws/install/franka_mujoco_controller/lib/franka_mujoco_controller
writing list of installed files to '/media/kai/Kai_Backup/Master_Study/Practical_Project/Practical_Courses/Master_Thesis/Master_Study_Master_Thesis/fr3_mujoco_ws/build/franka_mujoco_controller/install.log'
