[0.668s] Invoking command in '/media/kai/Kai_Backup/Master_Study/Practical_Project/Practical_Courses/Master_Thesis/Master_Study_Master_Thesis/fr3_mujoco_ws/src/franka_mujoco_controller': CONDA_PROMPT_MODIFIER=(master_thesis) PYTHONPATH=/media/kai/Kai_Backup/Master_Study/Practical_Project/Practical_Courses/Master_Thesis/Master_Study_Master_Thesis/fr3_mujoco_ws/build/franka_mujoco_controller/prefix_override:/usr/lib/python3/dist-packages/colcon_core/task/python/colcon_distutils_commands:/media/kai/Kai_Backup/Master_Study/Practical_Project/Practical_Courses/Master_Thesis/Master_Study_Master_Thesis/fr3_mujoco_ws/install/franka_mujoco_controller/lib/python3.10/site-packages:${PYTHONPATH} /usr/bin/python3 -W ignore:setup.py install is deprecated -W ignore:easy_install command is deprecated setup.py egg_info --egg-base ../../build/franka_mujoco_controller build --build-base /media/kai/Kai_Backup/Master_Study/Practical_Project/Practical_Courses/Master_Thesis/Master_Study_Master_Thesis/fr3_mujoco_ws/build/franka_mujoco_controller/build install --record /media/kai/Kai_Backup/Master_Study/Practical_Project/Practical_Courses/Master_Thesis/Master_Study_Master_Thesis/fr3_mujoco_ws/build/franka_mujoco_controller/install.log --single-version-externally-managed install_data
[0.929s] running egg_info
[0.930s] creating ../../build/franka_mujoco_controller/franka_mujoco_controller.egg-info
[0.930s] writing ../../build/franka_mujoco_controller/franka_mujoco_controller.egg-info/PKG-INFO
[0.930s] writing dependency_links to ../../build/franka_mujoco_controller/franka_mujoco_controller.egg-info/dependency_links.txt
[0.931s] writing entry points to ../../build/franka_mujoco_controller/franka_mujoco_controller.egg-info/entry_points.txt
[0.931s] writing requirements to ../../build/franka_mujoco_controller/franka_mujoco_controller.egg-info/requires.txt
[0.931s] writing top-level names to ../../build/franka_mujoco_controller/franka_mujoco_controller.egg-info/top_level.txt
[0.931s] writing manifest file '../../build/franka_mujoco_controller/franka_mujoco_controller.egg-info/SOURCES.txt'
[0.933s] reading manifest file '../../build/franka_mujoco_controller/franka_mujoco_controller.egg-info/SOURCES.txt'
[0.934s] writing manifest file '../../build/franka_mujoco_controller/franka_mujoco_controller.egg-info/SOURCES.txt'
[0.934s] running build
[0.934s] running build_py
[0.934s] creating /media/kai/Kai_Backup/Master_Study/Practical_Project/Practical_Courses/Master_Thesis/Master_Study_Master_Thesis/fr3_mujoco_ws/build/franka_mujoco_controller/build
[0.934s] creating /media/kai/Kai_Backup/Master_Study/Practical_Project/Practical_Courses/Master_Thesis/Master_Study_Master_Thesis/fr3_mujoco_ws/build/franka_mujoco_controller/build/lib
[0.934s] creating /media/kai/Kai_Backup/Master_Study/Practical_Project/Practical_Courses/Master_Thesis/Master_Study_Master_Thesis/fr3_mujoco_ws/build/franka_mujoco_controller/build/lib/franka_mujoco_controller
[0.934s] copying franka_mujoco_controller/inverse_kinematics.py -> /media/kai/Kai_Backup/Master_Study/Practical_Project/Practical_Courses/Master_Thesis/Master_Study_Master_Thesis/fr3_mujoco_ws/build/franka_mujoco_controller/build/lib/franka_mujoco_controller
[0.934s] copying franka_mujoco_controller/__init__.py -> /media/kai/Kai_Backup/Master_Study/Practical_Project/Practical_Courses/Master_Thesis/Master_Study_Master_Thesis/fr3_mujoco_ws/build/franka_mujoco_controller/build/lib/franka_mujoco_controller
[0.934s] copying franka_mujoco_controller/test_pushing.py -> /media/kai/Kai_Backup/Master_Study/Practical_Project/Practical_Courses/Master_Thesis/Master_Study_Master_Thesis/fr3_mujoco_ws/build/franka_mujoco_controller/build/lib/franka_mujoco_controller
[0.934s] copying franka_mujoco_controller/mujoco_controller.py -> /media/kai/Kai_Backup/Master_Study/Practical_Project/Practical_Courses/Master_Thesis/Master_Study_Master_Thesis/fr3_mujoco_ws/build/franka_mujoco_controller/build/lib/franka_mujoco_controller
[0.935s] running install
[0.935s] running install_lib
[0.936s] creating /media/kai/Kai_Backup/Master_Study/Practical_Project/Practical_Courses/Master_Thesis/Master_Study_Master_Thesis/fr3_mujoco_ws/install/franka_mujoco_controller/lib/python3.10/site-packages/franka_mujoco_controller
[0.936s] copying /media/kai/Kai_Backup/Master_Study/Practical_Project/Practical_Courses/Master_Thesis/Master_Study_Master_Thesis/fr3_mujoco_ws/build/franka_mujoco_controller/build/lib/franka_mujoco_controller/inverse_kinematics.py -> /media/kai/Kai_Backup/Master_Study/Practical_Project/Practical_Courses/Master_Thesis/Master_Study_Master_Thesis/fr3_mujoco_ws/install/franka_mujoco_controller/lib/python3.10/site-packages/franka_mujoco_controller
[0.936s] copying /media/kai/Kai_Backup/Master_Study/Practical_Project/Practical_Courses/Master_Thesis/Master_Study_Master_Thesis/fr3_mujoco_ws/build/franka_mujoco_controller/build/lib/franka_mujoco_controller/__init__.py -> /media/kai/Kai_Backup/Master_Study/Practical_Project/Practical_Courses/Master_Thesis/Master_Study_Master_Thesis/fr3_mujoco_ws/install/franka_mujoco_controller/lib/python3.10/site-packages/franka_mujoco_controller
[0.936s] copying /media/kai/Kai_Backup/Master_Study/Practical_Project/Practical_Courses/Master_Thesis/Master_Study_Master_Thesis/fr3_mujoco_ws/build/franka_mujoco_controller/build/lib/franka_mujoco_controller/test_pushing.py -> /media/kai/Kai_Backup/Master_Study/Practical_Project/Practical_Courses/Master_Thesis/Master_Study_Master_Thesis/fr3_mujoco_ws/install/franka_mujoco_controller/lib/python3.10/site-packages/franka_mujoco_controller
[0.936s] copying /media/kai/Kai_Backup/Master_Study/Practical_Project/Practical_Courses/Master_Thesis/Master_Study_Master_Thesis/fr3_mujoco_ws/build/franka_mujoco_controller/build/lib/franka_mujoco_controller/mujoco_controller.py -> /media/kai/Kai_Backup/Master_Study/Practical_Project/Practical_Courses/Master_Thesis/Master_Study_Master_Thesis/fr3_mujoco_ws/install/franka_mujoco_controller/lib/python3.10/site-packages/franka_mujoco_controller
[0.937s] byte-compiling /media/kai/Kai_Backup/Master_Study/Practical_Project/Practical_Courses/Master_Thesis/Master_Study_Master_Thesis/fr3_mujoco_ws/install/franka_mujoco_controller/lib/python3.10/site-packages/franka_mujoco_controller/inverse_kinematics.py to inverse_kinematics.cpython-310.pyc
[0.939s] byte-compiling /media/kai/Kai_Backup/Master_Study/Practical_Project/Practical_Courses/Master_Thesis/Master_Study_Master_Thesis/fr3_mujoco_ws/install/franka_mujoco_controller/lib/python3.10/site-packages/franka_mujoco_controller/__init__.py to __init__.cpython-310.pyc
[0.939s] byte-compiling /media/kai/Kai_Backup/Master_Study/Practical_Project/Practical_Courses/Master_Thesis/Master_Study_Master_Thesis/fr3_mujoco_ws/install/franka_mujoco_controller/lib/python3.10/site-packages/franka_mujoco_controller/test_pushing.py to test_pushing.cpython-310.pyc
[0.940s] byte-compiling /media/kai/Kai_Backup/Master_Study/Practical_Project/Practical_Courses/Master_Thesis/Master_Study_Master_Thesis/fr3_mujoco_ws/install/franka_mujoco_controller/lib/python3.10/site-packages/franka_mujoco_controller/mujoco_controller.py to mujoco_controller.cpython-310.pyc
[0.941s] running install_data
[0.941s] creating /media/kai/Kai_Backup/Master_Study/Practical_Project/Practical_Courses/Master_Thesis/Master_Study_Master_Thesis/fr3_mujoco_ws/install/franka_mujoco_controller/share/ament_index
[0.941s] creating /media/kai/Kai_Backup/Master_Study/Practical_Project/Practical_Courses/Master_Thesis/Master_Study_Master_Thesis/fr3_mujoco_ws/install/franka_mujoco_controller/share/ament_index/resource_index
[0.941s] creating /media/kai/Kai_Backup/Master_Study/Practical_Project/Practical_Courses/Master_Thesis/Master_Study_Master_Thesis/fr3_mujoco_ws/install/franka_mujoco_controller/share/ament_index/resource_index/packages
[0.941s] copying resource/franka_mujoco_controller -> /media/kai/Kai_Backup/Master_Study/Practical_Project/Practical_Courses/Master_Thesis/Master_Study_Master_Thesis/fr3_mujoco_ws/install/franka_mujoco_controller/share/ament_index/resource_index/packages
[0.941s] copying package.xml -> /media/kai/Kai_Backup/Master_Study/Practical_Project/Practical_Courses/Master_Thesis/Master_Study_Master_Thesis/fr3_mujoco_ws/install/franka_mujoco_controller/share/franka_mujoco_controller
[0.941s] creating /media/kai/Kai_Backup/Master_Study/Practical_Project/Practical_Courses/Master_Thesis/Master_Study_Master_Thesis/fr3_mujoco_ws/install/franka_mujoco_controller/share/franka_mujoco_controller/launch
[0.941s] creating /media/kai/Kai_Backup/Master_Study/Practical_Project/Practical_Courses/Master_Thesis/Master_Study_Master_Thesis/fr3_mujoco_ws/install/franka_mujoco_controller/share/franka_mujoco_controller/models
[0.941s] copying models/scene.xml -> /media/kai/Kai_Backup/Master_Study/Practical_Project/Practical_Courses/Master_Thesis/Master_Study_Master_Thesis/fr3_mujoco_ws/install/franka_mujoco_controller/share/franka_mujoco_controller/models
[0.941s] copying models/fr3.xml -> /media/kai/Kai_Backup/Master_Study/Practical_Project/Practical_Courses/Master_Thesis/Master_Study_Master_Thesis/fr3_mujoco_ws/install/franka_mujoco_controller/share/franka_mujoco_controller/models
[0.942s] creating /media/kai/Kai_Backup/Master_Study/Practical_Project/Practical_Courses/Master_Thesis/Master_Study_Master_Thesis/fr3_mujoco_ws/install/franka_mujoco_controller/share/franka_mujoco_controller/models/meshes
[0.942s] creating /media/kai/Kai_Backup/Master_Study/Practical_Project/Practical_Courses/Master_Thesis/Master_Study_Master_Thesis/fr3_mujoco_ws/install/franka_mujoco_controller/share/franka_mujoco_controller/config
[0.942s] running install_egg_info
[0.943s] Copying ../../build/franka_mujoco_controller/franka_mujoco_controller.egg-info to /media/kai/Kai_Backup/Master_Study/Practical_Project/Practical_Courses/Master_Thesis/Master_Study_Master_Thesis/fr3_mujoco_ws/install/franka_mujoco_controller/lib/python3.10/site-packages/franka_mujoco_controller-0.0.0-py3.10.egg-info
[0.944s] running install_scripts
[0.964s] Installing inverse_kinematics = franka_mujoco_controller.inverse_kinematics:mainfranka_env script to /media/kai/Kai_Backup/Master_Study/Practical_Project/Practical_Courses/Master_Thesis/Master_Study_Master_Thesis/fr3_mujoco_ws/install/franka_mujoco_controller/lib/franka_mujoco_controller
[0.964s] Installing mujoco_controller script to /media/kai/Kai_Backup/Master_Study/Practical_Project/Practical_Courses/Master_Thesis/Master_Study_Master_Thesis/fr3_mujoco_ws/install/franka_mujoco_controller/lib/franka_mujoco_controller
[0.965s] writing list of installed files to '/media/kai/Kai_Backup/Master_Study/Practical_Project/Practical_Courses/Master_Thesis/Master_Study_Master_Thesis/fr3_mujoco_ws/build/franka_mujoco_controller/install.log'
[0.983s] Invoked command in '/media/kai/Kai_Backup/Master_Study/Practical_Project/Practical_Courses/Master_Thesis/Master_Study_Master_Thesis/fr3_mujoco_ws/src/franka_mujoco_controller' returned '0': CONDA_PROMPT_MODIFIER=(master_thesis) PYTHONPATH=/media/kai/Kai_Backup/Master_Study/Practical_Project/Practical_Courses/Master_Thesis/Master_Study_Master_Thesis/fr3_mujoco_ws/build/franka_mujoco_controller/prefix_override:/usr/lib/python3/dist-packages/colcon_core/task/python/colcon_distutils_commands:/media/kai/Kai_Backup/Master_Study/Practical_Project/Practical_Courses/Master_Thesis/Master_Study_Master_Thesis/fr3_mujoco_ws/install/franka_mujoco_controller/lib/python3.10/site-packages:${PYTHONPATH} /usr/bin/python3 -W ignore:setup.py install is deprecated -W ignore:easy_install command is deprecated setup.py egg_info --egg-base ../../build/franka_mujoco_controller build --build-base /media/kai/Kai_Backup/Master_Study/Practical_Project/Practical_Courses/Master_Thesis/Master_Study_Master_Thesis/fr3_mujoco_ws/build/franka_mujoco_controller/build install --record /media/kai/Kai_Backup/Master_Study/Practical_Project/Practical_Courses/Master_Thesis/Master_Study_Master_Thesis/fr3_mujoco_ws/build/franka_mujoco_controller/install.log --single-version-externally-managed install_data
