[0.555s] Invoking command in '/media/kai/Kai_Backup/Study/Master_Thesis/My_Master_Thesis/PD_with_object_franka_mujoco_ws/src/franka_mujoco_controller': PYTHONPATH=/media/kai/Kai_Backup/Study/Master_Thesis/My_Master_Thesis/PD_with_object_franka_mujoco_ws/build/franka_mujoco_controller/prefix_override:/usr/lib/python3/dist-packages/colcon_core/task/python/colcon_distutils_commands:/media/kai/Kai_Backup/Study/Master_Thesis/My_Master_Thesis/PD_with_object_franka_mujoco_ws/install/franka_mujoco_controller/lib/python3.10/site-packages:${PYTHONPATH} /usr/bin/python3 -W ignore:setup.py install is deprecated -W ignore:easy_install command is deprecated setup.py egg_info --egg-base ../../build/franka_mujoco_controller build --build-base /media/kai/Kai_Backup/Study/Master_Thesis/My_Master_Thesis/PD_with_object_franka_mujoco_ws/build/franka_mujoco_controller/build install --record /media/kai/Kai_Backup/Study/Master_Thesis/My_Master_Thesis/PD_with_object_franka_mujoco_ws/build/franka_mujoco_controller/install.log --single-version-externally-managed install_data
[0.770s] running egg_info
[0.771s] writing ../../build/franka_mujoco_controller/franka_mujoco_controller.egg-info/PKG-INFO
[0.771s] writing dependency_links to ../../build/franka_mujoco_controller/franka_mujoco_controller.egg-info/dependency_links.txt
[0.771s] writing entry points to ../../build/franka_mujoco_controller/franka_mujoco_controller.egg-info/entry_points.txt
[0.771s] writing requirements to ../../build/franka_mujoco_controller/franka_mujoco_controller.egg-info/requires.txt
[0.772s] writing top-level names to ../../build/franka_mujoco_controller/franka_mujoco_controller.egg-info/top_level.txt
[0.773s] reading manifest file '../../build/franka_mujoco_controller/franka_mujoco_controller.egg-info/SOURCES.txt'
[1.058s] writing manifest file '../../build/franka_mujoco_controller/franka_mujoco_controller.egg-info/SOURCES.txt'
[1.058s] running build
[1.058s] running build_py
[1.059s] copying franka_mujoco_controller/object_pushing_controller.py -> /media/kai/Kai_Backup/Study/Master_Thesis/My_Master_Thesis/PD_with_object_franka_mujoco_ws/build/franka_mujoco_controller/build/lib/franka_mujoco_controller
[1.059s] running install
[1.060s] running install_lib
[1.060s] copying /media/kai/Kai_Backup/Study/Master_Thesis/My_Master_Thesis/PD_with_object_franka_mujoco_ws/build/franka_mujoco_controller/build/lib/franka_mujoco_controller/object_pushing_controller.py -> /media/kai/Kai_Backup/Study/Master_Thesis/My_Master_Thesis/PD_with_object_franka_mujoco_ws/install/franka_mujoco_controller/lib/python3.10/site-packages/franka_mujoco_controller
[1.061s] byte-compiling /media/kai/Kai_Backup/Study/Master_Thesis/My_Master_Thesis/PD_with_object_franka_mujoco_ws/install/franka_mujoco_controller/lib/python3.10/site-packages/franka_mujoco_controller/object_pushing_controller.py to object_pushing_controller.cpython-310.pyc
[1.065s] byte-compiling /media/kai/Kai_Backup/Study/Master_Thesis/My_Master_Thesis/PD_with_object_franka_mujoco_ws/install/franka_mujoco_controller/lib/python3.10/site-packages/franka_mujoco_controller/manual_push_control.py to manual_push_control.cpython-310.pyc
[1.065s]   File "/media/kai/Kai_Backup/Study/Master_Thesis/My_Master_Thesis/PD_with_object_franka_mujoco_ws/install/franka_mujoco_controller/lib/python3.10/site-packages/franka_mujoco_controller/manual_push_control.py", line 45
[1.065s]     self.get_logger().info('# Object Pushing PD Controller for Franka FR3
[1.065s]                            ^
[1.065s] SyntaxError: unterminated string literal (detected at line 45)
[1.065s] 
[1.065s] running install_data
[1.066s] running install_egg_info
[1.067s] removing '/media/kai/Kai_Backup/Study/Master_Thesis/My_Master_Thesis/PD_with_object_franka_mujoco_ws/install/franka_mujoco_controller/lib/python3.10/site-packages/franka_mujoco_controller-0.0.0-py3.10.egg-info' (and everything under it)
[1.067s] Copying ../../build/franka_mujoco_controller/franka_mujoco_controller.egg-info to /media/kai/Kai_Backup/Study/Master_Thesis/My_Master_Thesis/PD_with_object_franka_mujoco_ws/install/franka_mujoco_controller/lib/python3.10/site-packages/franka_mujoco_controller-0.0.0-py3.10.egg-info
[1.070s] running install_scripts
[1.091s] Installing advanced_pd_controller script to /media/kai/Kai_Backup/Study/Master_Thesis/My_Master_Thesis/PD_with_object_franka_mujoco_ws/install/franka_mujoco_controller/lib/franka_mujoco_controller
[1.091s] Installing mujoco_controller script to /media/kai/Kai_Backup/Study/Master_Thesis/My_Master_Thesis/PD_with_object_franka_mujoco_ws/install/franka_mujoco_controller/lib/franka_mujoco_controller
[1.092s] Installing object_pushing_controller script to /media/kai/Kai_Backup/Study/Master_Thesis/My_Master_Thesis/PD_with_object_franka_mujoco_ws/install/franka_mujoco_controller/lib/franka_mujoco_controller
[1.093s] Installing test_pushing script to /media/kai/Kai_Backup/Study/Master_Thesis/My_Master_Thesis/PD_with_object_franka_mujoco_ws/install/franka_mujoco_controller/lib/franka_mujoco_controller
[1.094s] writing list of installed files to '/media/kai/Kai_Backup/Study/Master_Thesis/My_Master_Thesis/PD_with_object_franka_mujoco_ws/build/franka_mujoco_controller/install.log'
[1.117s] Invoked command in '/media/kai/Kai_Backup/Study/Master_Thesis/My_Master_Thesis/PD_with_object_franka_mujoco_ws/src/franka_mujoco_controller' returned '0': PYTHONPATH=/media/kai/Kai_Backup/Study/Master_Thesis/My_Master_Thesis/PD_with_object_franka_mujoco_ws/build/franka_mujoco_controller/prefix_override:/usr/lib/python3/dist-packages/colcon_core/task/python/colcon_distutils_commands:/media/kai/Kai_Backup/Study/Master_Thesis/My_Master_Thesis/PD_with_object_franka_mujoco_ws/install/franka_mujoco_controller/lib/python3.10/site-packages:${PYTHONPATH} /usr/bin/python3 -W ignore:setup.py install is deprecated -W ignore:easy_install command is deprecated setup.py egg_info --egg-base ../../build/franka_mujoco_controller build --build-base /media/kai/Kai_Backup/Study/Master_Thesis/My_Master_Thesis/PD_with_object_franka_mujoco_ws/build/franka_mujoco_controller/build install --record /media/kai/Kai_Backup/Study/Master_Thesis/My_Master_Thesis/PD_with_object_franka_mujoco_ws/build/franka_mujoco_controller/install.log --single-version-externally-managed install_data
