running egg_info
writing ../../build/franka_mujoco_controller/franka_mujoco_controller.egg-info/PKG-INFO
writing dependency_links to ../../build/franka_mujoco_controller/franka_mujoco_controller.egg-info/dependency_links.txt
writing entry points to ../../build/franka_mujoco_controller/franka_mujoco_controller.egg-info/entry_points.txt
writing requirements to ../../build/franka_mujoco_controller/franka_mujoco_controller.egg-info/requires.txt
writing top-level names to ../../build/franka_mujoco_controller/franka_mujoco_controller.egg-info/top_level.txt
reading manifest file '../../build/franka_mujoco_controller/franka_mujoco_controller.egg-info/SOURCES.txt'
writing manifest file '../../build/franka_mujoco_controller/franka_mujoco_controller.egg-info/SOURCES.txt'
running build
running build_py
running install
running install_lib
running install_data
copying launch/mujoco_controller.launch.py -> /media/kai/Kai_Backup/Master_Study/Master_Thesis/Master_Study_Master_Thesis/fr3_mujoco_ws/install/franka_mujoco_controller/share/franka_mujoco_controller/launch
running install_egg_info
removing '/media/kai/Kai_Backup/Master_Study/Master_Thesis/Master_Study_Master_Thesis/fr3_mujoco_ws/install/franka_mujoco_controller/lib/python3.10/site-packages/franka_mujoco_controller-0.0.0-py3.10.egg-info' (and everything under it)
Copying ../../build/franka_mujoco_controller/franka_mujoco_controller.egg-info to /media/kai/Kai_Backup/Master_Study/Master_Thesis/Master_Study_Master_Thesis/fr3_mujoco_ws/install/franka_mujoco_controller/lib/python3.10/site-packages/franka_mujoco_controller-0.0.0-py3.10.egg-info
running install_scripts
Installing joint_space_control script to /media/kai/Kai_Backup/Master_Study/Master_Thesis/Master_Study_Master_Thesis/fr3_mujoco_ws/install/franka_mujoco_controller/lib/franka_mujoco_controller
Installing mujoco_controller script to /media/kai/Kai_Backup/Master_Study/Master_Thesis/Master_Study_Master_Thesis/fr3_mujoco_ws/install/franka_mujoco_controller/lib/franka_mujoco_controller
Installing position_control script to /media/kai/Kai_Backup/Master_Study/Master_Thesis/Master_Study_Master_Thesis/fr3_mujoco_ws/install/franka_mujoco_controller/lib/franka_mujoco_controller
Installing teleoperation script to /media/kai/Kai_Backup/Master_Study/Master_Thesis/Master_Study_Master_Thesis/fr3_mujoco_ws/install/franka_mujoco_controller/lib/franka_mujoco_controller
writing list of installed files to '/media/kai/Kai_Backup/Master_Study/Master_Thesis/Master_Study_Master_Thesis/fr3_mujoco_ws/build/franka_mujoco_controller/install.log'
